22-Apr-2026 06:47:55.592 SEVERE [main] org.apache.catalina.startup.Catalina.stopServer Could not contact [localhost:8005] (base port [8005] and offset [0]). Tomcat may not be running.
22-Apr-2026 06:47:55.593 SEVERE [main] org.apache.catalina.startup.Catalina.stopServer Error stopping Catalina
	java.net.ConnectException: Connection refused: connect
		at java.base/sun.nio.ch.Net.connect0(Native Method)
		at java.base/sun.nio.ch.Net.connect(Net.java:535)
		at java.base/sun.nio.ch.Net.connect(Net.java:524)
		at java.base/sun.nio.ch.NioSocketImpl.connect(NioSocketImpl.java:574)
		at java.base/java.net.SocksSocketImpl.connect(SocksSocketImpl.java:282)
		at java.base/java.net.Socket.connect(Socket.java:665)
		at java.base/java.net.Socket.connect(Socket.java:603)
		at java.base/java.net.Socket.<init>(Socket.java:470)
		at java.base/java.net.Socket.<init>(Socket.java:276)
		at org.apache.catalina.startup.Catalina.stopServer(Catalina.java:653)
		at java.base/jdk.internal.reflect.DirectMethodHandleAccessor.invoke(DirectMethodHandleAccessor.java:104)
		at java.base/java.lang.reflect.Method.invoke(Method.java:565)
		at org.apache.catalina.startup.Bootstrap.stopServer(Bootstrap.java:393)
		at org.apache.catalina.startup.Bootstrap.main(Bootstrap.java:478)
22-Apr-2026 06:47:57.583 INFO [main] org.apache.catalina.startup.VersionLoggerListener.log Server version name:   Apache Tomcat/10.1.28
22-Apr-2026 06:47:57.585 INFO [main] org.apache.catalina.startup.VersionLoggerListener.log Server built:          Aug 2 2024 15:14:43 UTC
22-Apr-2026 06:47:57.585 INFO [main] org.apache.catalina.startup.VersionLoggerListener.log Server version number: 10.1.28.0
22-Apr-2026 06:47:57.585 INFO [main] org.apache.catalina.startup.VersionLoggerListener.log OS Name:               Windows 11
22-Apr-2026 06:47:57.585 INFO [main] org.apache.catalina.startup.VersionLoggerListener.log OS Version:            10.0
22-Apr-2026 06:47:57.585 INFO [main] org.apache.catalina.startup.VersionLoggerListener.log Architecture:          amd64
22-Apr-2026 06:47:57.585 INFO [main] org.apache.catalina.startup.VersionLoggerListener.log Java Home:             C:\Program Files\Java\jdk-24
22-Apr-2026 06:47:57.586 INFO [main] org.apache.catalina.startup.VersionLoggerListener.log JVM Version:           24.0.2+12-54
22-Apr-2026 06:47:57.586 INFO [main] org.apache.catalina.startup.VersionLoggerListener.log JVM Vendor:            Oracle Corporation
22-Apr-2026 06:47:57.586 INFO [main] org.apache.catalina.startup.VersionLoggerListener.log CATALINA_BASE:         C:\Users\adonis\Documents\Projects\Lottery\deploy\apache-tomcat-10.1.28
22-Apr-2026 06:47:57.586 INFO [main] org.apache.catalina.startup.VersionLoggerListener.log CATALINA_HOME:         C:\Users\adonis\Documents\Projects\Lottery\deploy\apache-tomcat-10.1.28
22-Apr-2026 06:47:57.616 INFO [main] org.apache.catalina.startup.VersionLoggerListener.log Command line argument: -Djava.util.logging.config.file=C:\Users\adonis\Documents\Projects\Lottery\deploy\apache-tomcat-10.1.28\bin\..\conf\logging.properties
22-Apr-2026 06:47:57.616 INFO [main] org.apache.catalina.startup.VersionLoggerListener.log Command line argument: -Djava.util.logging.manager=org.apache.juli.ClassLoaderLogManager
22-Apr-2026 06:47:57.617 INFO [main] org.apache.catalina.startup.VersionLoggerListener.log Command line argument: -Djdk.tls.ephemeralDHKeySize=2048
22-Apr-2026 06:47:57.618 INFO [main] org.apache.catalina.startup.VersionLoggerListener.log Command line argument: -Djava.protocol.handler.pkgs=org.apache.catalina.webresources
22-Apr-2026 06:47:57.618 INFO [main] org.apache.catalina.startup.VersionLoggerListener.log Command line argument: --add-opens=java.base/java.lang=ALL-UNNAMED
22-Apr-2026 06:47:57.620 INFO [main] org.apache.catalina.startup.VersionLoggerListener.log Command line argument: --add-opens=java.base/java.io=ALL-UNNAMED
22-Apr-2026 06:47:57.620 INFO [main] org.apache.catalina.startup.VersionLoggerListener.log Command line argument: --add-opens=java.base/java.util=ALL-UNNAMED
22-Apr-2026 06:47:57.620 INFO [main] org.apache.catalina.startup.VersionLoggerListener.log Command line argument: --add-opens=java.base/java.util.concurrent=ALL-UNNAMED
22-Apr-2026 06:47:57.621 INFO [main] org.apache.catalina.startup.VersionLoggerListener.log Command line argument: --add-opens=java.rmi/sun.rmi.transport=ALL-UNNAMED
22-Apr-2026 06:47:57.621 INFO [main] org.apache.catalina.startup.VersionLoggerListener.log Command line argument: -Dcatalina.base=C:\Users\adonis\Documents\Projects\Lottery\deploy\apache-tomcat-10.1.28\bin\..
22-Apr-2026 06:47:57.621 INFO [main] org.apache.catalina.startup.VersionLoggerListener.log Command line argument: -Dcatalina.home=C:\Users\adonis\Documents\Projects\Lottery\deploy\apache-tomcat-10.1.28\bin\..
22-Apr-2026 06:47:57.621 INFO [main] org.apache.catalina.startup.VersionLoggerListener.log Command line argument: -Djava.io.tmpdir=C:\Users\adonis\Documents\Projects\Lottery\deploy\apache-tomcat-10.1.28\bin\..\temp
22-Apr-2026 06:47:57.630 INFO [main] org.apache.catalina.core.AprLifecycleListener.lifecycleEvent The Apache Tomcat Native library which allows using OpenSSL was not found on the java.library.path: [C:\Program Files\Java\jdk-24\bin;C:\WINDOWS\Sun\Java\bin;C:\WINDOWS\system32;C:\WINDOWS;C:\Program Files\Common Files\Oracle\Java\javapath;C:\Program Files (x86)\Common Files\Oracle\Java\java8path;C:\Program Files (x86)\Common Files\Oracle\Java\javapath;C:\WINDOWS\system32;C:\WINDOWS;C:\WINDOWS\System32\Wbem;C:\WINDOWS\System32\WindowsPowerShell\v1.0\;C:\WINDOWS\System32\OpenSSH\;C:\Program Files\dotnet\;C:\Program Files (x86)\Microsoft SQL Server\160\Tools\Binn\;C:\Program Files\Microsoft SQL Server\160\Tools\Binn\;C:\Program Files\Microsoft SQL Server\Client SDK\ODBC\170\Tools\Binn\;C:\Program Files\Microsoft SQL Server\160\DTS\Binn\;C:\Program Files\Git\cmd;C:\Program Files\NVIDIA Corporation\NVIDIA App\NvDLISR;C:\Program Files (x86)\NVIDIA Corporation\PhysX\Common;C:\Program Files (x86)\cloudflared\;C:\Users\adonis\AppData\Local\Muse Hub\lib;C:\Program Files\nodejs\;C:\Program Files\Cloudflare\Cloudflare WARP\;C:\Users\adonis\AppData\Local\Programs\Python\Python39\Scripts\;C:\Users\adonis\AppData\Local\Programs\Python\Python39\;C:\Users\adonis\AppData\Local\Programs\Python\Python310\Scripts\;C:\Users\adonis\AppData\Local\Programs\Python\Python310\;C:\Users\adonis\AppData\Local\Programs\Python\Python312\Scripts\;C:\Users\adonis\AppData\Local\Programs\Python\Python312\;C:\Users\adonis\AppData\Local\Microsoft\WindowsApps;C:\Users\adonis\AppData\Local\Programs\Microsoft VS Code Insiders\bin;C:\Users\adonis\AppData\Local\PowerToys\;C:\Program Files\Google\Chrome\Application;C:\Users\adonis\AppData\Local\Programs\Antigravity\bin;C:\Users\adonis\Documents\ffmpeg\ffmpeg-7.1.1-full_build-shared\bin;C:\Users\adonis\AppData\Local\GitHubDesktop\bin;C:\mingw64\bin;C:\Program Files\Java\jdk-24\bin;C:\Users\adonis\AppData\Local\Programs\Microsoft VS Code\bin;C:\Users\adonis\AppData\Local\Muse Hub\lib;C:\Users\adonis\AppData\Roaming\npm;C:\Users\adonis\AppData\Local\Android\Sdk\platform-tools;;.]
22-Apr-2026 06:47:57.981 INFO [main] org.apache.coyote.AbstractProtocol.init Initializing ProtocolHandler ["http-nio-8080"]
22-Apr-2026 06:47:58.041 INFO [main] org.apache.catalina.startup.Catalina.load Server initialization in [750] milliseconds
22-Apr-2026 06:47:58.202 INFO [main] org.apache.catalina.core.StandardService.startInternal Starting service [Catalina]
22-Apr-2026 06:47:58.203 INFO [main] org.apache.catalina.core.StandardEngine.startInternal Starting Servlet engine: [Apache Tomcat/10.1.28]
22-Apr-2026 06:47:58.215 INFO [main] org.apache.catalina.startup.HostConfig.deployWAR Deploying web application archive [C:\Users\adonis\Documents\Projects\Lottery\deploy\apache-tomcat-10.1.28\webapps\Lottery.war]
22-Apr-2026 06:48:00.865 INFO [main] org.apache.jasper.servlet.TldScanner.scanJars At least one JAR was scanned for TLDs yet contained no TLDs. Enable debug logging for this logger for a complete list of JARs that were scanned but no TLDs were found in them. Skipping unneeded JARs during scanning can improve startup time and JSP compilation time.
22-Apr-2026 06:48:01.500 INFO [main] com.lottery.LotteryScheduler.contextInitialized LotteryScheduler initialized. First draw in 118514 ms.
22-Apr-2026 06:48:01.685 INFO [main] org.apache.catalina.startup.HostConfig.deployWAR Deployment of web application archive [C:\Users\adonis\Documents\Projects\Lottery\deploy\apache-tomcat-10.1.28\webapps\Lottery.war] has finished in [3,464] ms
22-Apr-2026 06:48:01.689 INFO [main] org.apache.catalina.startup.HostConfig.deployDirectory Deploying web application directory [C:\Users\adonis\Documents\Projects\Lottery\deploy\apache-tomcat-10.1.28\webapps\docs]
22-Apr-2026 06:48:01.772 INFO [main] org.apache.jasper.servlet.TldScanner.scanJars At least one JAR was scanned for TLDs yet contained no TLDs. Enable debug logging for this logger for a complete list of JARs that were scanned but no TLDs were found in them. Skipping unneeded JARs during scanning can improve startup time and JSP compilation time.
22-Apr-2026 06:48:01.781 INFO [main] org.apache.catalina.startup.HostConfig.deployDirectory Deployment of web application directory [C:\Users\adonis\Documents\Projects\Lottery\deploy\apache-tomcat-10.1.28\webapps\docs] has finished in [86] ms
22-Apr-2026 06:48:01.788 INFO [main] org.apache.catalina.startup.HostConfig.deployDirectory Deploying web application directory [C:\Users\adonis\Documents\Projects\Lottery\deploy\apache-tomcat-10.1.28\webapps\examples]
22-Apr-2026 06:48:02.181 INFO [main] org.apache.jasper.servlet.TldScanner.scanJars At least one JAR was scanned for TLDs yet contained no TLDs. Enable debug logging for this logger for a complete list of JARs that were scanned but no TLDs were found in them. Skipping unneeded JARs during scanning can improve startup time and JSP compilation time.
22-Apr-2026 06:48:02.319 INFO [main] org.apache.catalina.startup.HostConfig.deployDirectory Deployment of web application directory [C:\Users\adonis\Documents\Projects\Lottery\deploy\apache-tomcat-10.1.28\webapps\examples] has finished in [534] ms
22-Apr-2026 06:48:02.319 INFO [main] org.apache.catalina.startup.HostConfig.deployDirectory Deploying web application directory [C:\Users\adonis\Documents\Projects\Lottery\deploy\apache-tomcat-10.1.28\webapps\host-manager]
22-Apr-2026 06:48:02.378 INFO [main] org.apache.jasper.servlet.TldScanner.scanJars At least one JAR was scanned for TLDs yet contained no TLDs. Enable debug logging for this logger for a complete list of JARs that were scanned but no TLDs were found in them. Skipping unneeded JARs during scanning can improve startup time and JSP compilation time.
22-Apr-2026 06:48:02.415 INFO [main] org.apache.catalina.startup.HostConfig.deployDirectory Deployment of web application directory [C:\Users\adonis\Documents\Projects\Lottery\deploy\apache-tomcat-10.1.28\webapps\host-manager] has finished in [95] ms
22-Apr-2026 06:48:02.417 INFO [main] org.apache.catalina.startup.HostConfig.deployDirectory Deploying web application directory [C:\Users\adonis\Documents\Projects\Lottery\deploy\apache-tomcat-10.1.28\webapps\manager]
22-Apr-2026 06:48:02.464 INFO [main] org.apache.jasper.servlet.TldScanner.scanJars At least one JAR was scanned for TLDs yet contained no TLDs. Enable debug logging for this logger for a complete list of JARs that were scanned but no TLDs were found in them. Skipping unneeded JARs during scanning can improve startup time and JSP compilation time.
22-Apr-2026 06:48:02.467 INFO [main] org.apache.catalina.startup.HostConfig.deployDirectory Deployment of web application directory [C:\Users\adonis\Documents\Projects\Lottery\deploy\apache-tomcat-10.1.28\webapps\manager] has finished in [50] ms
22-Apr-2026 06:48:02.467 INFO [main] org.apache.catalina.startup.HostConfig.deployDirectory Deploying web application directory [C:\Users\adonis\Documents\Projects\Lottery\deploy\apache-tomcat-10.1.28\webapps\ROOT]
22-Apr-2026 06:48:02.499 INFO [main] org.apache.jasper.servlet.TldScanner.scanJars At least one JAR was scanned for TLDs yet contained no TLDs. Enable debug logging for this logger for a complete list of JARs that were scanned but no TLDs were found in them. Skipping unneeded JARs during scanning can improve startup time and JSP compilation time.
22-Apr-2026 06:48:02.503 INFO [main] org.apache.catalina.startup.HostConfig.deployDirectory Deployment of web application directory [C:\Users\adonis\Documents\Projects\Lottery\deploy\apache-tomcat-10.1.28\webapps\ROOT] has finished in [34] ms
22-Apr-2026 06:48:02.518 INFO [main] org.apache.coyote.AbstractProtocol.start Starting ProtocolHandler ["http-nio-8080"]
22-Apr-2026 06:48:02.548 INFO [main] org.apache.catalina.startup.Catalina.start Server startup in [4499] milliseconds
22-Apr-2026 06:50:00.096 INFO [pool-1-thread-1] com.lottery.db.DatabaseConfig.getConnection Attempting to connect with URL: jdbc:sqlserver://localhost:1433;databaseName=master;encrypt=false;trustServerCertificate=true;
22-Apr-2026 06:50:01.029 INFO [pool-1-thread-1] com.lottery.db.DatabaseConfig.getConnection Attempting to connect with URL: jdbc:sqlserver://localhost:1433;databaseName=master;encrypt=false;trustServerCertificate=true;
22-Apr-2026 06:50:01.097 INFO [pool-1-thread-1] com.lottery.db.DatabaseConfig.getConnection Attempting to connect with URL: jdbc:sqlserver://localhost:1433;databaseName=master;encrypt=false;trustServerCertificate=true;
22-Apr-2026 06:50:01.121 INFO [pool-1-thread-1] com.lottery.db.LotteryTicketDAO.getPurchasedTickets Retrieved 0 purchased tickets
22-Apr-2026 06:50:01.122 INFO [pool-1-thread-1] com.lottery.db.DatabaseConfig.getConnection Attempting to connect with URL: jdbc:sqlserver://localhost:1433;databaseName=master;encrypt=false;trustServerCertificate=true;
22-Apr-2026 06:50:01.148 INFO [pool-1-thread-1] com.lottery.db.LotteryTicketDAO.resetTicketsForNewRound Reset tickets for new round, rows affected: 1036
22-Apr-2026 06:50:01.150 INFO [pool-1-thread-1] com.lottery.db.DatabaseConfig.getConnection Attempting to connect with URL: jdbc:sqlserver://localhost:1433;databaseName=master;encrypt=false;trustServerCertificate=true;
22-Apr-2026 06:50:01.189 INFO [pool-1-thread-1] com.lottery.service.DrawService.performDraw Draw completed for round: 1616
22-Apr-2026 06:57:19.182 SEVERE [main] org.apache.catalina.startup.Catalina.stopServer Could not contact [localhost:8005] (base port [8005] and offset [0]). Tomcat may not be running.
22-Apr-2026 06:57:19.184 SEVERE [main] org.apache.catalina.startup.Catalina.stopServer Error stopping Catalina
	java.net.ConnectException: Connection refused: connect
		at java.base/sun.nio.ch.Net.connect0(Native Method)
		at java.base/sun.nio.ch.Net.connect(Net.java:535)
		at java.base/sun.nio.ch.Net.connect(Net.java:524)
		at java.base/sun.nio.ch.NioSocketImpl.connect(NioSocketImpl.java:574)
		at java.base/java.net.SocksSocketImpl.connect(SocksSocketImpl.java:282)
		at java.base/java.net.Socket.connect(Socket.java:665)
		at java.base/java.net.Socket.connect(Socket.java:603)
		at java.base/java.net.Socket.<init>(Socket.java:470)
		at java.base/java.net.Socket.<init>(Socket.java:276)
		at org.apache.catalina.startup.Catalina.stopServer(Catalina.java:653)
		at java.base/jdk.internal.reflect.DirectMethodHandleAccessor.invoke(DirectMethodHandleAccessor.java:104)
		at java.base/java.lang.reflect.Method.invoke(Method.java:565)
		at org.apache.catalina.startup.Bootstrap.stopServer(Bootstrap.java:393)
		at org.apache.catalina.startup.Bootstrap.main(Bootstrap.java:478)
22-Apr-2026 06:57:26.254 INFO [main] org.apache.catalina.startup.VersionLoggerListener.log Server version name:   Apache Tomcat/10.1.28
22-Apr-2026 06:57:26.255 INFO [main] org.apache.catalina.startup.VersionLoggerListener.log Server built:          Aug 2 2024 15:14:43 UTC
22-Apr-2026 06:57:26.256 INFO [main] org.apache.catalina.startup.VersionLoggerListener.log Server version number: 10.1.28.0
22-Apr-2026 06:57:26.256 INFO [main] org.apache.catalina.startup.VersionLoggerListener.log OS Name:               Windows 11
22-Apr-2026 06:57:26.256 INFO [main] org.apache.catalina.startup.VersionLoggerListener.log OS Version:            10.0
22-Apr-2026 06:57:26.256 INFO [main] org.apache.catalina.startup.VersionLoggerListener.log Architecture:          amd64
22-Apr-2026 06:57:26.257 INFO [main] org.apache.catalina.startup.VersionLoggerListener.log Java Home:             C:\Program Files\Java\jdk-24
22-Apr-2026 06:57:26.257 INFO [main] org.apache.catalina.startup.VersionLoggerListener.log JVM Version:           24.0.2+12-54
22-Apr-2026 06:57:26.257 INFO [main] org.apache.catalina.startup.VersionLoggerListener.log JVM Vendor:            Oracle Corporation
22-Apr-2026 06:57:26.257 INFO [main] org.apache.catalina.startup.VersionLoggerListener.log CATALINA_BASE:         C:\Users\adonis\Documents\Projects\Lottery\deploy\apache-tomcat-10.1.28
22-Apr-2026 06:57:26.257 INFO [main] org.apache.catalina.startup.VersionLoggerListener.log CATALINA_HOME:         C:\Users\adonis\Documents\Projects\Lottery\deploy\apache-tomcat-10.1.28
22-Apr-2026 06:57:26.271 INFO [main] org.apache.catalina.startup.VersionLoggerListener.log Command line argument: -Djava.util.logging.config.file=C:\Users\adonis\Documents\Projects\Lottery\deploy\apache-tomcat-10.1.28\bin\..\conf\logging.properties
22-Apr-2026 06:57:26.273 INFO [main] org.apache.catalina.startup.VersionLoggerListener.log Command line argument: -Djava.util.logging.manager=org.apache.juli.ClassLoaderLogManager
22-Apr-2026 06:57:26.273 INFO [main] org.apache.catalina.startup.VersionLoggerListener.log Command line argument: -Djdk.tls.ephemeralDHKeySize=2048
22-Apr-2026 06:57:26.273 INFO [main] org.apache.catalina.startup.VersionLoggerListener.log Command line argument: -Djava.protocol.handler.pkgs=org.apache.catalina.webresources
22-Apr-2026 06:57:26.274 INFO [main] org.apache.catalina.startup.VersionLoggerListener.log Command line argument: --add-opens=java.base/java.lang=ALL-UNNAMED
22-Apr-2026 06:57:26.274 INFO [main] org.apache.catalina.startup.VersionLoggerListener.log Command line argument: --add-opens=java.base/java.io=ALL-UNNAMED
22-Apr-2026 06:57:26.274 INFO [main] org.apache.catalina.startup.VersionLoggerListener.log Command line argument: --add-opens=java.base/java.util=ALL-UNNAMED
22-Apr-2026 06:57:26.274 INFO [main] org.apache.catalina.startup.VersionLoggerListener.log Command line argument: --add-opens=java.base/java.util.concurrent=ALL-UNNAMED
22-Apr-2026 06:57:26.274 INFO [main] org.apache.catalina.startup.VersionLoggerListener.log Command line argument: --add-opens=java.rmi/sun.rmi.transport=ALL-UNNAMED
22-Apr-2026 06:57:26.274 INFO [main] org.apache.catalina.startup.VersionLoggerListener.log Command line argument: -Dcatalina.base=C:\Users\adonis\Documents\Projects\Lottery\deploy\apache-tomcat-10.1.28\bin\..
22-Apr-2026 06:57:26.274 INFO [main] org.apache.catalina.startup.VersionLoggerListener.log Command line argument: -Dcatalina.home=C:\Users\adonis\Documents\Projects\Lottery\deploy\apache-tomcat-10.1.28\bin\..
22-Apr-2026 06:57:26.275 INFO [main] org.apache.catalina.startup.VersionLoggerListener.log Command line argument: -Djava.io.tmpdir=C:\Users\adonis\Documents\Projects\Lottery\deploy\apache-tomcat-10.1.28\bin\..\temp
22-Apr-2026 06:57:26.283 INFO [main] org.apache.catalina.core.AprLifecycleListener.lifecycleEvent The Apache Tomcat Native library which allows using OpenSSL was not found on the java.library.path: [C:\Program Files\Java\jdk-24\bin;C:\WINDOWS\Sun\Java\bin;C:\WINDOWS\system32;C:\WINDOWS;C:\Program Files\Common Files\Oracle\Java\javapath;C:\Program Files (x86)\Common Files\Oracle\Java\java8path;C:\Program Files (x86)\Common Files\Oracle\Java\javapath;C:\WINDOWS\system32;C:\WINDOWS;C:\WINDOWS\System32\Wbem;C:\WINDOWS\System32\WindowsPowerShell\v1.0\;C:\WINDOWS\System32\OpenSSH\;C:\Program Files\dotnet\;C:\Program Files (x86)\Microsoft SQL Server\160\Tools\Binn\;C:\Program Files\Microsoft SQL Server\160\Tools\Binn\;C:\Program Files\Microsoft SQL Server\Client SDK\ODBC\170\Tools\Binn\;C:\Program Files\Microsoft SQL Server\160\DTS\Binn\;C:\Program Files\Git\cmd;C:\Program Files\NVIDIA Corporation\NVIDIA App\NvDLISR;C:\Program Files (x86)\NVIDIA Corporation\PhysX\Common;C:\Program Files (x86)\cloudflared\;C:\Users\adonis\AppData\Local\Muse Hub\lib;C:\Program Files\nodejs\;C:\Program Files\Cloudflare\Cloudflare WARP\;C:\Users\adonis\AppData\Local\Programs\Python\Python39\Scripts\;C:\Users\adonis\AppData\Local\Programs\Python\Python39\;C:\Users\adonis\AppData\Local\Programs\Python\Python310\Scripts\;C:\Users\adonis\AppData\Local\Programs\Python\Python310\;C:\Users\adonis\AppData\Local\Programs\Python\Python312\Scripts\;C:\Users\adonis\AppData\Local\Programs\Python\Python312\;C:\Users\adonis\AppData\Local\Microsoft\WindowsApps;C:\Users\adonis\AppData\Local\Programs\Microsoft VS Code Insiders\bin;C:\Users\adonis\AppData\Local\PowerToys\;C:\Program Files\Google\Chrome\Application;C:\Users\adonis\AppData\Local\Programs\Antigravity\bin;C:\Users\adonis\Documents\ffmpeg\ffmpeg-7.1.1-full_build-shared\bin;C:\Users\adonis\AppData\Local\GitHubDesktop\bin;C:\mingw64\bin;C:\Program Files\Java\jdk-24\bin;C:\Users\adonis\AppData\Local\Programs\Microsoft VS Code\bin;C:\Users\adonis\AppData\Local\Muse Hub\lib;C:\Users\adonis\AppData\Roaming\npm;C:\Users\adonis\AppData\Local\Android\Sdk\platform-tools;c:\Users\adonis\.antigravity\extensions\ms-python.debugpy-2025.18.0-win32-x64\bundled\scripts\noConfigScriptsc:\Users\adonis\.antigravity\extensions\vscjava.vscode-java-debug-0.59.0-universal\bundled\scripts\noConfigScripts;.]
22-Apr-2026 06:57:26.850 INFO [main] org.apache.coyote.AbstractProtocol.init Initializing ProtocolHandler ["http-nio-8080"]
22-Apr-2026 06:57:26.901 INFO [main] org.apache.catalina.startup.Catalina.load Server initialization in [990] milliseconds
22-Apr-2026 06:57:27.098 INFO [main] org.apache.catalina.core.StandardService.startInternal Starting service [Catalina]
22-Apr-2026 06:57:27.099 INFO [main] org.apache.catalina.core.StandardEngine.startInternal Starting Servlet engine: [Apache Tomcat/10.1.28]
22-Apr-2026 06:57:27.120 INFO [main] org.apache.catalina.startup.HostConfig.deployWAR Deploying web application archive [C:\Users\adonis\Documents\Projects\Lottery\deploy\apache-tomcat-10.1.28\webapps\Lottery.war]
22-Apr-2026 06:57:30.780 INFO [main] org.apache.jasper.servlet.TldScanner.scanJars At least one JAR was scanned for TLDs yet contained no TLDs. Enable debug logging for this logger for a complete list of JARs that were scanned but no TLDs were found in them. Skipping unneeded JARs during scanning can improve startup time and JSP compilation time.
22-Apr-2026 06:57:31.731 INFO [main] org.apache.catalina.startup.HostConfig.deployWAR Deployment of web application archive [C:\Users\adonis\Documents\Projects\Lottery\deploy\apache-tomcat-10.1.28\webapps\Lottery.war] has finished in [4,604] ms
22-Apr-2026 06:57:31.741 INFO [main] org.apache.catalina.startup.HostConfig.deployDirectory Deploying web application directory [C:\Users\adonis\Documents\Projects\Lottery\deploy\apache-tomcat-10.1.28\webapps\docs]
22-Apr-2026 06:57:31.887 INFO [main] org.apache.jasper.servlet.TldScanner.scanJars At least one JAR was scanned for TLDs yet contained no TLDs. Enable debug logging for this logger for a complete list of JARs that were scanned but no TLDs were found in them. Skipping unneeded JARs during scanning can improve startup time and JSP compilation time.
22-Apr-2026 06:57:31.897 INFO [main] org.apache.catalina.startup.HostConfig.deployDirectory Deployment of web application directory [C:\Users\adonis\Documents\Projects\Lottery\deploy\apache-tomcat-10.1.28\webapps\docs] has finished in [151] ms
22-Apr-2026 06:57:31.903 INFO [main] org.apache.catalina.startup.HostConfig.deployDirectory Deploying web application directory [C:\Users\adonis\Documents\Projects\Lottery\deploy\apache-tomcat-10.1.28\webapps\examples]
22-Apr-2026 06:57:32.543 INFO [main] org.apache.jasper.servlet.TldScanner.scanJars At least one JAR was scanned for TLDs yet contained no TLDs. Enable debug logging for this logger for a complete list of JARs that were scanned but no TLDs were found in them. Skipping unneeded JARs during scanning can improve startup time and JSP compilation time.
22-Apr-2026 06:57:32.962 INFO [main] org.apache.catalina.startup.HostConfig.deployDirectory Deployment of web application directory [C:\Users\adonis\Documents\Projects\Lottery\deploy\apache-tomcat-10.1.28\webapps\examples] has finished in [1,064] ms
22-Apr-2026 06:57:32.963 INFO [main] org.apache.catalina.startup.HostConfig.deployDirectory Deploying web application directory [C:\Users\adonis\Documents\Projects\Lottery\deploy\apache-tomcat-10.1.28\webapps\host-manager]
22-Apr-2026 06:57:33.031 INFO [main] org.apache.jasper.servlet.TldScanner.scanJars At least one JAR was scanned for TLDs yet contained no TLDs. Enable debug logging for this logger for a complete list of JARs that were scanned but no TLDs were found in them. Skipping unneeded JARs during scanning can improve startup time and JSP compilation time.
22-Apr-2026 06:57:33.145 INFO [main] org.apache.catalina.startup.HostConfig.deployDirectory Deployment of web application directory [C:\Users\adonis\Documents\Projects\Lottery\deploy\apache-tomcat-10.1.28\webapps\host-manager] has finished in [179] ms
22-Apr-2026 06:57:33.152 INFO [main] org.apache.catalina.startup.HostConfig.deployDirectory Deploying web application directory [C:\Users\adonis\Documents\Projects\Lottery\deploy\apache-tomcat-10.1.28\webapps\manager]
22-Apr-2026 06:57:33.229 INFO [main] org.apache.jasper.servlet.TldScanner.scanJars At least one JAR was scanned for TLDs yet contained no TLDs. Enable debug logging for this logger for a complete list of JARs that were scanned but no TLDs were found in them. Skipping unneeded JARs during scanning can improve startup time and JSP compilation time.
22-Apr-2026 06:57:33.238 INFO [main] org.apache.catalina.startup.HostConfig.deployDirectory Deployment of web application directory [C:\Users\adonis\Documents\Projects\Lottery\deploy\apache-tomcat-10.1.28\webapps\manager] has finished in [84] ms
22-Apr-2026 06:57:33.245 INFO [main] org.apache.catalina.startup.HostConfig.deployDirectory Deploying web application directory [C:\Users\adonis\Documents\Projects\Lottery\deploy\apache-tomcat-10.1.28\webapps\ROOT]
22-Apr-2026 06:57:33.286 INFO [main] org.apache.jasper.servlet.TldScanner.scanJars At least one JAR was scanned for TLDs yet contained no TLDs. Enable debug logging for this logger for a complete list of JARs that were scanned but no TLDs were found in them. Skipping unneeded JARs during scanning can improve startup time and JSP compilation time.
22-Apr-2026 06:57:33.294 INFO [main] org.apache.catalina.startup.HostConfig.deployDirectory Deployment of web application directory [C:\Users\adonis\Documents\Projects\Lottery\deploy\apache-tomcat-10.1.28\webapps\ROOT] has finished in [49] ms
22-Apr-2026 06:57:33.379 INFO [main] org.apache.coyote.AbstractProtocol.start Starting ProtocolHandler ["http-nio-8080"]
22-Apr-2026 06:57:33.771 INFO [main] org.apache.catalina.startup.Catalina.start Server startup in [6864] milliseconds
22-Apr-2026 06:57:38.212 INFO [http-nio-8080-exec-2] com.lottery.util.LogHelper.info [getAllPublishedCompanies] Getting all published companies
22-Apr-2026 06:57:38.442 INFO [http-nio-8080-exec-2] com.lottery.db.DatabaseConfig.getConnection Attempting to connect with URL: jdbc:sqlserver://localhost:1433;databaseName=master;encrypt=false;trustServerCertificate=true;
22-Apr-2026 06:57:39.995 INFO [http-nio-8080-exec-2] com.lottery.db.LotteryTicketDAO.getAllPublishedCompanies Retrieved 11 published companies
22-Apr-2026 06:57:40.003 INFO [http-nio-8080-exec-2] com.lottery.util.LogHelper.info [getAllDistinctCompanies] Getting all distinct companies
22-Apr-2026 06:57:40.004 INFO [http-nio-8080-exec-2] com.lottery.db.DatabaseConfig.getConnection Attempting to connect with URL: jdbc:sqlserver://localhost:1433;databaseName=master;encrypt=false;trustServerCertificate=true;
22-Apr-2026 06:57:40.134 INFO [http-nio-8080-exec-2] com.lottery.db.LotteryTicketDAO.getAllDistinctCompanies Retrieved 11 distinct companies
22-Apr-2026 06:57:40.140 INFO [http-nio-8080-exec-2] com.lottery.util.LogHelper.info [processUserLotterySearch] Processing user lottery search
22-Apr-2026 06:57:40.188 INFO [http-nio-8080-exec-2] com.lottery.db.DatabaseConfig.getConnection Attempting to connect with URL: jdbc:sqlserver://localhost:1433;databaseName=master;encrypt=false;trustServerCertificate=true;
22-Apr-2026 06:57:40.295 INFO [http-nio-8080-exec-2] com.lottery.db.LotteryTicketDAO.searchTickets Found 10 tickets matching search criteria
22-Apr-2026 06:57:40.297 INFO [http-nio-8080-exec-2] com.lottery.db.DatabaseConfig.getConnection Attempting to connect with URL: jdbc:sqlserver://localhost:1433;databaseName=master;encrypt=false;trustServerCertificate=true;
22-Apr-2026 06:57:40.361 INFO [http-nio-8080-exec-2] com.lottery.db.LotteryTicketDAO.getSearchTicketCount Counted 1031 tickets matching search criteria
22-Apr-2026 06:57:40.369 INFO [http-nio-8080-exec-2] com.lottery.util.LogHelper.info [processUserLotterySearch] User lottery search processed successfully. Found 10 tickets.
22-Apr-2026 06:57:40.372 INFO [http-nio-8080-exec-2] com.lottery.db.DatabaseConfig.getConnection Attempting to connect with URL: jdbc:sqlserver://localhost:1433;databaseName=master;encrypt=false;trustServerCertificate=true;
22-Apr-2026 06:57:40.436 INFO [http-nio-8080-exec-2] com.lottery.db.LotteryTicketDAO.incrementViewCountBatch Batch incremented view count for 10 tickets
22-Apr-2026 06:58:12.637 INFO [http-nio-8080-exec-10] com.lottery.db.DatabaseConfig.getConnection Attempting to connect with URL: jdbc:sqlserver://localhost:1433;databaseName=master;encrypt=false;trustServerCertificate=true;
22-Apr-2026 06:58:13.335 INFO [http-nio-8080-exec-10] com.lottery.util.LogHelper.info [updateLastLoginDate] Updating last login date for email: admin@gmail.com
22-Apr-2026 06:58:13.339 INFO [http-nio-8080-exec-10] com.lottery.db.DatabaseConfig.getConnection Attempting to connect with URL: jdbc:sqlserver://localhost:1433;databaseName=master;encrypt=false;trustServerCertificate=true;
22-Apr-2026 06:58:13.382 INFO [http-nio-8080-exec-10] com.lottery.util.LogHelper.info [updateLastLoginDate] Last login date updated successfully for email: admin@gmail.com
22-Apr-2026 06:58:13.382 INFO [http-nio-8080-exec-10] com.lottery.db.DatabaseConfig.getConnection Attempting to connect with URL: jdbc:sqlserver://localhost:1433;databaseName=master;encrypt=false;trustServerCertificate=true;
22-Apr-2026 06:58:13.506 INFO [http-nio-8080-exec-2] com.lottery.db.DatabaseConfig.getConnection Attempting to connect with URL: jdbc:sqlserver://localhost:1433;databaseName=master;encrypt=false;trustServerCertificate=true;
22-Apr-2026 06:58:13.564 INFO [http-nio-8080-exec-2] com.lottery.db.DatabaseConfig.getConnection Attempting to connect with URL: jdbc:sqlserver://localhost:1433;databaseName=master;encrypt=false;trustServerCertificate=true;
22-Apr-2026 06:58:13.634 INFO [http-nio-8080-exec-2] com.lottery.db.DatabaseConfig.getConnection Attempting to connect with URL: jdbc:sqlserver://localhost:1433;databaseName=master;encrypt=false;trustServerCertificate=true;
22-Apr-2026 07:04:36.113 INFO [http-nio-8080-exec-8] com.lottery.db.DatabaseConfig.getConnection Attempting to connect with URL: jdbc:sqlserver://localhost:1433;databaseName=master;encrypt=false;trustServerCertificate=true;
22-Apr-2026 07:04:36.171 INFO [http-nio-8080-exec-8] com.lottery.util.LogHelper.info [getAllPaymentMethodsWithUsers] Getting all payment methods with users, offset: 0, limit: 20
22-Apr-2026 07:04:36.181 INFO [http-nio-8080-exec-8] com.lottery.db.DatabaseConfig.getConnection Attempting to connect with URL: jdbc:sqlserver://localhost:1433;databaseName=master;encrypt=false;trustServerCertificate=true;
22-Apr-2026 07:04:36.235 INFO [http-nio-8080-exec-8] com.lottery.db.DatabaseConfig.getConnection Attempting to connect with URL: jdbc:sqlserver://localhost:1433;databaseName=master;encrypt=false;trustServerCertificate=true;
22-Apr-2026 07:07:27.576 INFO [main] org.apache.catalina.core.StandardServer.await A valid shutdown command was received via the shutdown port. Stopping the Server instance.
22-Apr-2026 07:07:27.577 INFO [main] org.apache.coyote.AbstractProtocol.pause Pausing ProtocolHandler ["http-nio-8080"]
22-Apr-2026 07:07:27.618 INFO [main] org.apache.catalina.core.StandardService.stopInternal Stopping service [Catalina]
22-Apr-2026 07:07:27.673 WARNING [main] org.apache.catalina.loader.WebappClassLoaderBase.clearReferencesJdbc The web application [Lottery] registered the JDBC driver [com.microsoft.sqlserver.jdbc.SQLServerDriver] but failed to unregister it when the web application was stopped. To prevent a memory leak, the JDBC Driver has been forcibly unregistered.
22-Apr-2026 07:07:27.689 INFO [main] org.apache.coyote.AbstractProtocol.stop Stopping ProtocolHandler ["http-nio-8080"]
22-Apr-2026 07:07:27.701 INFO [main] org.apache.coyote.AbstractProtocol.destroy Destroying ProtocolHandler ["http-nio-8080"]
22-Apr-2026 07:07:34.724 INFO [main] org.apache.catalina.startup.VersionLoggerListener.log Server version name:   Apache Tomcat/10.1.28
22-Apr-2026 07:07:34.728 INFO [main] org.apache.catalina.startup.VersionLoggerListener.log Server built:          Aug 2 2024 15:14:43 UTC
22-Apr-2026 07:07:34.728 INFO [main] org.apache.catalina.startup.VersionLoggerListener.log Server version number: 10.1.28.0
22-Apr-2026 07:07:34.728 INFO [main] org.apache.catalina.startup.VersionLoggerListener.log OS Name:               Windows 11
22-Apr-2026 07:07:34.728 INFO [main] org.apache.catalina.startup.VersionLoggerListener.log OS Version:            10.0
22-Apr-2026 07:07:34.728 INFO [main] org.apache.catalina.startup.VersionLoggerListener.log Architecture:          amd64
22-Apr-2026 07:07:34.729 INFO [main] org.apache.catalina.startup.VersionLoggerListener.log Java Home:             C:\Program Files\Java\jdk-24
22-Apr-2026 07:07:34.729 INFO [main] org.apache.catalina.startup.VersionLoggerListener.log JVM Version:           24.0.2+12-54
22-Apr-2026 07:07:34.729 INFO [main] org.apache.catalina.startup.VersionLoggerListener.log JVM Vendor:            Oracle Corporation
22-Apr-2026 07:07:34.729 INFO [main] org.apache.catalina.startup.VersionLoggerListener.log CATALINA_BASE:         C:\Users\adonis\Documents\Projects\Lottery\deploy\apache-tomcat-10.1.28
22-Apr-2026 07:07:34.729 INFO [main] org.apache.catalina.startup.VersionLoggerListener.log CATALINA_HOME:         C:\Users\adonis\Documents\Projects\Lottery\deploy\apache-tomcat-10.1.28
22-Apr-2026 07:07:34.760 INFO [main] org.apache.catalina.startup.VersionLoggerListener.log Command line argument: -Djava.util.logging.config.file=C:\Users\adonis\Documents\Projects\Lottery\deploy\apache-tomcat-10.1.28\bin\..\conf\logging.properties
22-Apr-2026 07:07:34.761 INFO [main] org.apache.catalina.startup.VersionLoggerListener.log Command line argument: -Djava.util.logging.manager=org.apache.juli.ClassLoaderLogManager
22-Apr-2026 07:07:34.761 INFO [main] org.apache.catalina.startup.VersionLoggerListener.log Command line argument: -Djdk.tls.ephemeralDHKeySize=2048
22-Apr-2026 07:07:34.761 INFO [main] org.apache.catalina.startup.VersionLoggerListener.log Command line argument: -Djava.protocol.handler.pkgs=org.apache.catalina.webresources
22-Apr-2026 07:07:34.761 INFO [main] org.apache.catalina.startup.VersionLoggerListener.log Command line argument: --add-opens=java.base/java.lang=ALL-UNNAMED
22-Apr-2026 07:07:34.762 INFO [main] org.apache.catalina.startup.VersionLoggerListener.log Command line argument: --add-opens=java.base/java.io=ALL-UNNAMED
22-Apr-2026 07:07:34.762 INFO [main] org.apache.catalina.startup.VersionLoggerListener.log Command line argument: --add-opens=java.base/java.util=ALL-UNNAMED
22-Apr-2026 07:07:34.762 INFO [main] org.apache.catalina.startup.VersionLoggerListener.log Command line argument: --add-opens=java.base/java.util.concurrent=ALL-UNNAMED
22-Apr-2026 07:07:34.762 INFO [main] org.apache.catalina.startup.VersionLoggerListener.log Command line argument: --add-opens=java.rmi/sun.rmi.transport=ALL-UNNAMED
22-Apr-2026 07:07:34.763 INFO [main] org.apache.catalina.startup.VersionLoggerListener.log Command line argument: -Dcatalina.base=C:\Users\adonis\Documents\Projects\Lottery\deploy\apache-tomcat-10.1.28\bin\..
22-Apr-2026 07:07:34.763 INFO [main] org.apache.catalina.startup.VersionLoggerListener.log Command line argument: -Dcatalina.home=C:\Users\adonis\Documents\Projects\Lottery\deploy\apache-tomcat-10.1.28\bin\..
22-Apr-2026 07:07:34.763 INFO [main] org.apache.catalina.startup.VersionLoggerListener.log Command line argument: -Djava.io.tmpdir=C:\Users\adonis\Documents\Projects\Lottery\deploy\apache-tomcat-10.1.28\bin\..\temp
22-Apr-2026 07:07:34.773 INFO [main] org.apache.catalina.core.AprLifecycleListener.lifecycleEvent The Apache Tomcat Native library which allows using OpenSSL was not found on the java.library.path: [C:\Program Files\Java\jdk-24\bin;C:\WINDOWS\Sun\Java\bin;C:\WINDOWS\system32;C:\WINDOWS;C:\Program Files\Common Files\Oracle\Java\javapath;C:\Program Files (x86)\Common Files\Oracle\Java\java8path;C:\Program Files (x86)\Common Files\Oracle\Java\javapath;C:\WINDOWS\system32;C:\WINDOWS;C:\WINDOWS\System32\Wbem;C:\WINDOWS\System32\WindowsPowerShell\v1.0\;C:\WINDOWS\System32\OpenSSH\;C:\Program Files\dotnet\;C:\Program Files (x86)\Microsoft SQL Server\160\Tools\Binn\;C:\Program Files\Microsoft SQL Server\160\Tools\Binn\;C:\Program Files\Microsoft SQL Server\Client SDK\ODBC\170\Tools\Binn\;C:\Program Files\Microsoft SQL Server\160\DTS\Binn\;C:\Program Files\Git\cmd;C:\Program Files\NVIDIA Corporation\NVIDIA App\NvDLISR;C:\Program Files (x86)\NVIDIA Corporation\PhysX\Common;C:\Program Files (x86)\cloudflared\;C:\Users\adonis\AppData\Local\Muse Hub\lib;C:\Program Files\nodejs\;C:\Program Files\Cloudflare\Cloudflare WARP\;C:\Users\adonis\AppData\Local\Programs\Python\Python39\Scripts\;C:\Users\adonis\AppData\Local\Programs\Python\Python39\;C:\Users\adonis\AppData\Local\Programs\Python\Python310\Scripts\;C:\Users\adonis\AppData\Local\Programs\Python\Python310\;C:\Users\adonis\AppData\Local\Programs\Python\Python312\Scripts\;C:\Users\adonis\AppData\Local\Programs\Python\Python312\;C:\Users\adonis\AppData\Local\Microsoft\WindowsApps;C:\Users\adonis\AppData\Local\Programs\Microsoft VS Code Insiders\bin;C:\Users\adonis\AppData\Local\PowerToys\;C:\Program Files\Google\Chrome\Application;C:\Users\adonis\AppData\Local\Programs\Antigravity\bin;C:\Users\adonis\Documents\ffmpeg\ffmpeg-7.1.1-full_build-shared\bin;C:\Users\adonis\AppData\Local\GitHubDesktop\bin;C:\mingw64\bin;C:\Program Files\Java\jdk-24\bin;C:\Users\adonis\AppData\Local\Programs\Microsoft VS Code\bin;C:\Users\adonis\AppData\Local\Muse Hub\lib;C:\Users\adonis\AppData\Roaming\npm;C:\Users\adonis\AppData\Local\Android\Sdk\platform-tools;c:\Users\adonis\.antigravity\extensions\ms-python.debugpy-2025.18.0-win32-x64\bundled\scripts\noConfigScriptsc:\Users\adonis\.antigravity\extensions\vscjava.vscode-java-debug-0.59.0-universal\bundled\scripts\noConfigScripts;.]
22-Apr-2026 07:07:35.326 INFO [main] org.apache.coyote.AbstractProtocol.init Initializing ProtocolHandler ["http-nio-8080"]
22-Apr-2026 07:07:35.382 INFO [main] org.apache.catalina.startup.Catalina.load Server initialization in [1079] milliseconds
22-Apr-2026 07:07:35.620 INFO [main] org.apache.catalina.core.StandardService.startInternal Starting service [Catalina]
22-Apr-2026 07:07:35.621 INFO [main] org.apache.catalina.core.StandardEngine.startInternal Starting Servlet engine: [Apache Tomcat/10.1.28]
22-Apr-2026 07:07:35.670 INFO [main] org.apache.catalina.startup.HostConfig.deployWAR Deploying web application archive [C:\Users\adonis\Documents\Projects\Lottery\deploy\apache-tomcat-10.1.28\webapps\Lottery.war]
22-Apr-2026 07:07:39.244 INFO [main] org.apache.jasper.servlet.TldScanner.scanJars At least one JAR was scanned for TLDs yet contained no TLDs. Enable debug logging for this logger for a complete list of JARs that were scanned but no TLDs were found in them. Skipping unneeded JARs during scanning can improve startup time and JSP compilation time.
22-Apr-2026 07:07:39.976 INFO [main] org.apache.catalina.startup.HostConfig.deployWAR Deployment of web application archive [C:\Users\adonis\Documents\Projects\Lottery\deploy\apache-tomcat-10.1.28\webapps\Lottery.war] has finished in [4,300] ms
22-Apr-2026 07:07:39.983 INFO [main] org.apache.catalina.startup.HostConfig.deployDirectory Deploying web application directory [C:\Users\adonis\Documents\Projects\Lottery\deploy\apache-tomcat-10.1.28\webapps\docs]
22-Apr-2026 07:07:40.063 INFO [main] org.apache.jasper.servlet.TldScanner.scanJars At least one JAR was scanned for TLDs yet contained no TLDs. Enable debug logging for this logger for a complete list of JARs that were scanned but no TLDs were found in them. Skipping unneeded JARs during scanning can improve startup time and JSP compilation time.
22-Apr-2026 07:07:40.073 INFO [main] org.apache.catalina.startup.HostConfig.deployDirectory Deployment of web application directory [C:\Users\adonis\Documents\Projects\Lottery\deploy\apache-tomcat-10.1.28\webapps\docs] has finished in [83] ms
22-Apr-2026 07:07:40.078 INFO [main] org.apache.catalina.startup.HostConfig.deployDirectory Deploying web application directory [C:\Users\adonis\Documents\Projects\Lottery\deploy\apache-tomcat-10.1.28\webapps\examples]
22-Apr-2026 07:07:40.530 INFO [main] org.apache.jasper.servlet.TldScanner.scanJars At least one JAR was scanned for TLDs yet contained no TLDs. Enable debug logging for this logger for a complete list of JARs that were scanned but no TLDs were found in them. Skipping unneeded JARs during scanning can improve startup time and JSP compilation time.
22-Apr-2026 07:07:40.802 INFO [main] org.apache.catalina.startup.HostConfig.deployDirectory Deployment of web application directory [C:\Users\adonis\Documents\Projects\Lottery\deploy\apache-tomcat-10.1.28\webapps\examples] has finished in [728] ms
22-Apr-2026 07:07:40.804 INFO [main] org.apache.catalina.startup.HostConfig.deployDirectory Deploying web application directory [C:\Users\adonis\Documents\Projects\Lottery\deploy\apache-tomcat-10.1.28\webapps\host-manager]
22-Apr-2026 07:07:40.868 INFO [main] org.apache.jasper.servlet.TldScanner.scanJars At least one JAR was scanned for TLDs yet contained no TLDs. Enable debug logging for this logger for a complete list of JARs that were scanned but no TLDs were found in them. Skipping unneeded JARs during scanning can improve startup time and JSP compilation time.
22-Apr-2026 07:07:40.943 INFO [main] org.apache.catalina.startup.HostConfig.deployDirectory Deployment of web application directory [C:\Users\adonis\Documents\Projects\Lottery\deploy\apache-tomcat-10.1.28\webapps\host-manager] has finished in [139] ms
22-Apr-2026 07:07:40.946 INFO [main] org.apache.catalina.startup.HostConfig.deployDirectory Deploying web application directory [C:\Users\adonis\Documents\Projects\Lottery\deploy\apache-tomcat-10.1.28\webapps\manager]
22-Apr-2026 07:07:41.010 INFO [main] org.apache.jasper.servlet.TldScanner.scanJars At least one JAR was scanned for TLDs yet contained no TLDs. Enable debug logging for this logger for a complete list of JARs that were scanned but no TLDs were found in them. Skipping unneeded JARs during scanning can improve startup time and JSP compilation time.
22-Apr-2026 07:07:41.017 INFO [main] org.apache.catalina.startup.HostConfig.deployDirectory Deployment of web application directory [C:\Users\adonis\Documents\Projects\Lottery\deploy\apache-tomcat-10.1.28\webapps\manager] has finished in [68] ms
22-Apr-2026 07:07:41.019 INFO [main] org.apache.catalina.startup.HostConfig.deployDirectory Deploying web application directory [C:\Users\adonis\Documents\Projects\Lottery\deploy\apache-tomcat-10.1.28\webapps\ROOT]
22-Apr-2026 07:07:41.059 INFO [main] org.apache.jasper.servlet.TldScanner.scanJars At least one JAR was scanned for TLDs yet contained no TLDs. Enable debug logging for this logger for a complete list of JARs that were scanned but no TLDs were found in them. Skipping unneeded JARs during scanning can improve startup time and JSP compilation time.
22-Apr-2026 07:07:41.068 INFO [main] org.apache.catalina.startup.HostConfig.deployDirectory Deployment of web application directory [C:\Users\adonis\Documents\Projects\Lottery\deploy\apache-tomcat-10.1.28\webapps\ROOT] has finished in [44] ms
22-Apr-2026 07:07:41.119 INFO [main] org.apache.coyote.AbstractProtocol.start Starting ProtocolHandler ["http-nio-8080"]
22-Apr-2026 07:07:41.437 INFO [main] org.apache.catalina.startup.Catalina.start Server startup in [6049] milliseconds
22-Apr-2026 07:07:48.084 INFO [http-nio-8080-exec-2] com.lottery.util.LogHelper.info [getAllPublishedCompanies] Getting all published companies
22-Apr-2026 07:07:48.257 INFO [http-nio-8080-exec-2] com.lottery.db.DatabaseConfig.getConnection Attempting to connect with URL: jdbc:sqlserver://localhost:1433;databaseName=master;encrypt=false;trustServerCertificate=true;
22-Apr-2026 07:07:49.707 INFO [http-nio-8080-exec-2] com.lottery.db.LotteryTicketDAO.getAllPublishedCompanies Retrieved 11 published companies
22-Apr-2026 07:07:49.713 INFO [http-nio-8080-exec-2] com.lottery.util.LogHelper.info [getAllDistinctCompanies] Getting all distinct companies
22-Apr-2026 07:07:49.713 INFO [http-nio-8080-exec-2] com.lottery.db.DatabaseConfig.getConnection Attempting to connect with URL: jdbc:sqlserver://localhost:1433;databaseName=master;encrypt=false;trustServerCertificate=true;
22-Apr-2026 07:07:49.771 INFO [http-nio-8080-exec-2] com.lottery.db.LotteryTicketDAO.getAllDistinctCompanies Retrieved 11 distinct companies
22-Apr-2026 07:07:49.774 INFO [http-nio-8080-exec-2] com.lottery.util.LogHelper.info [processUserLotterySearch] Processing user lottery search
22-Apr-2026 07:07:49.806 INFO [http-nio-8080-exec-2] com.lottery.db.DatabaseConfig.getConnection Attempting to connect with URL: jdbc:sqlserver://localhost:1433;databaseName=master;encrypt=false;trustServerCertificate=true;
22-Apr-2026 07:07:49.933 INFO [http-nio-8080-exec-2] com.lottery.db.LotteryTicketDAO.searchTickets Found 10 tickets matching search criteria
22-Apr-2026 07:07:49.934 INFO [http-nio-8080-exec-2] com.lottery.db.DatabaseConfig.getConnection Attempting to connect with URL: jdbc:sqlserver://localhost:1433;databaseName=master;encrypt=false;trustServerCertificate=true;
22-Apr-2026 07:07:49.987 INFO [http-nio-8080-exec-2] com.lottery.db.LotteryTicketDAO.getSearchTicketCount Counted 1031 tickets matching search criteria
22-Apr-2026 07:07:49.992 INFO [http-nio-8080-exec-2] com.lottery.util.LogHelper.info [processUserLotterySearch] User lottery search processed successfully. Found 10 tickets.
22-Apr-2026 07:07:49.994 INFO [http-nio-8080-exec-2] com.lottery.db.DatabaseConfig.getConnection Attempting to connect with URL: jdbc:sqlserver://localhost:1433;databaseName=master;encrypt=false;trustServerCertificate=true;
22-Apr-2026 07:07:50.048 INFO [http-nio-8080-exec-2] com.lottery.db.LotteryTicketDAO.incrementViewCountBatch Batch incremented view count for 10 tickets
22-Apr-2026 07:07:58.411 INFO [http-nio-8080-exec-3] com.lottery.db.DatabaseConfig.getConnection Attempting to connect with URL: jdbc:sqlserver://localhost:1433;databaseName=master;encrypt=false;trustServerCertificate=true;
22-Apr-2026 07:07:59.099 INFO [http-nio-8080-exec-3] com.lottery.util.LogHelper.info [updateLastLoginDate] Updating last login date for email: admin@gmail.com
22-Apr-2026 07:07:59.100 INFO [http-nio-8080-exec-3] com.lottery.db.DatabaseConfig.getConnection Attempting to connect with URL: jdbc:sqlserver://localhost:1433;databaseName=master;encrypt=false;trustServerCertificate=true;
22-Apr-2026 07:07:59.151 INFO [http-nio-8080-exec-3] com.lottery.util.LogHelper.info [updateLastLoginDate] Last login date updated successfully for email: admin@gmail.com
22-Apr-2026 07:07:59.152 INFO [http-nio-8080-exec-3] com.lottery.db.DatabaseConfig.getConnection Attempting to connect with URL: jdbc:sqlserver://localhost:1433;databaseName=master;encrypt=false;trustServerCertificate=true;
22-Apr-2026 07:07:59.211 INFO [http-nio-8080-exec-4] com.lottery.db.DatabaseConfig.getConnection Attempting to connect with URL: jdbc:sqlserver://localhost:1433;databaseName=master;encrypt=false;trustServerCertificate=true;
22-Apr-2026 07:07:59.252 INFO [http-nio-8080-exec-4] com.lottery.db.DatabaseConfig.getConnection Attempting to connect with URL: jdbc:sqlserver://localhost:1433;databaseName=master;encrypt=false;trustServerCertificate=true;
22-Apr-2026 07:07:59.300 INFO [http-nio-8080-exec-4] com.lottery.db.DatabaseConfig.getConnection Attempting to connect with URL: jdbc:sqlserver://localhost:1433;databaseName=master;encrypt=false;trustServerCertificate=true;
22-Apr-2026 07:08:00.623 INFO [http-nio-8080-exec-3] com.lottery.db.DatabaseConfig.getConnection Attempting to connect with URL: jdbc:sqlserver://localhost:1433;databaseName=master;encrypt=false;trustServerCertificate=true;
22-Apr-2026 07:08:00.673 INFO [http-nio-8080-exec-3] com.lottery.db.DatabaseConfig.getConnection Attempting to connect with URL: jdbc:sqlserver://localhost:1433;databaseName=master;encrypt=false;trustServerCertificate=true;
22-Apr-2026 07:08:00.720 INFO [http-nio-8080-exec-3] com.lottery.db.DatabaseConfig.getConnection Attempting to connect with URL: jdbc:sqlserver://localhost:1433;databaseName=master;encrypt=false;trustServerCertificate=true;
22-Apr-2026 07:08:11.429 INFO [http-nio-8080-exec-1] com.lottery.db.DatabaseConfig.getConnection Attempting to connect with URL: jdbc:sqlserver://localhost:1433;databaseName=master;encrypt=false;trustServerCertificate=true;
22-Apr-2026 07:08:11.473 INFO [http-nio-8080-exec-1] com.lottery.db.DatabaseConfig.getConnection Attempting to connect with URL: jdbc:sqlserver://localhost:1433;databaseName=master;encrypt=false;trustServerCertificate=true;
22-Apr-2026 07:08:11.526 INFO [http-nio-8080-exec-1] com.lottery.db.DatabaseConfig.getConnection Attempting to connect with URL: jdbc:sqlserver://localhost:1433;databaseName=master;encrypt=false;trustServerCertificate=true;
22-Apr-2026 07:15:16.365 INFO [http-nio-8080-exec-1] com.lottery.db.DatabaseConfig.getConnection Attempting to connect with URL: jdbc:sqlserver://localhost:1433;databaseName=master;encrypt=false;trustServerCertificate=true;
22-Apr-2026 07:15:16.420 INFO [http-nio-8080-exec-1] com.lottery.util.LogHelper.info [getAllPaymentMethodsWithUsers] Getting all payment methods with users, offset: 0, limit: 20
22-Apr-2026 07:15:16.429 INFO [http-nio-8080-exec-1] com.lottery.db.DatabaseConfig.getConnection Attempting to connect with URL: jdbc:sqlserver://localhost:1433;databaseName=master;encrypt=false;trustServerCertificate=true;
22-Apr-2026 07:15:16.478 INFO [http-nio-8080-exec-1] com.lottery.db.DatabaseConfig.getConnection Attempting to connect with URL: jdbc:sqlserver://localhost:1433;databaseName=master;encrypt=false;trustServerCertificate=true;
22-Apr-2026 07:17:04.266 INFO [main] org.apache.catalina.core.StandardServer.await A valid shutdown command was received via the shutdown port. Stopping the Server instance.
22-Apr-2026 07:17:04.267 INFO [main] org.apache.coyote.AbstractProtocol.pause Pausing ProtocolHandler ["http-nio-8080"]
22-Apr-2026 07:17:04.281 INFO [main] org.apache.catalina.core.StandardService.stopInternal Stopping service [Catalina]
22-Apr-2026 07:17:04.335 WARNING [main] org.apache.catalina.loader.WebappClassLoaderBase.clearReferencesJdbc The web application [Lottery] registered the JDBC driver [com.microsoft.sqlserver.jdbc.SQLServerDriver] but failed to unregister it when the web application was stopped. To prevent a memory leak, the JDBC Driver has been forcibly unregistered.
22-Apr-2026 07:17:04.355 INFO [main] org.apache.coyote.AbstractProtocol.stop Stopping ProtocolHandler ["http-nio-8080"]
22-Apr-2026 07:17:04.377 INFO [main] org.apache.coyote.AbstractProtocol.destroy Destroying ProtocolHandler ["http-nio-8080"]
22-Apr-2026 07:17:11.290 INFO [main] org.apache.catalina.startup.VersionLoggerListener.log Server version name:   Apache Tomcat/10.1.28
22-Apr-2026 07:17:11.292 INFO [main] org.apache.catalina.startup.VersionLoggerListener.log Server built:          Aug 2 2024 15:14:43 UTC
22-Apr-2026 07:17:11.292 INFO [main] org.apache.catalina.startup.VersionLoggerListener.log Server version number: 10.1.28.0
22-Apr-2026 07:17:11.292 INFO [main] org.apache.catalina.startup.VersionLoggerListener.log OS Name:               Windows 11
22-Apr-2026 07:17:11.292 INFO [main] org.apache.catalina.startup.VersionLoggerListener.log OS Version:            10.0
22-Apr-2026 07:17:11.292 INFO [main] org.apache.catalina.startup.VersionLoggerListener.log Architecture:          amd64
22-Apr-2026 07:17:11.292 INFO [main] org.apache.catalina.startup.VersionLoggerListener.log Java Home:             C:\Program Files\Java\jdk-24
22-Apr-2026 07:17:11.293 INFO [main] org.apache.catalina.startup.VersionLoggerListener.log JVM Version:           24.0.2+12-54
22-Apr-2026 07:17:11.293 INFO [main] org.apache.catalina.startup.VersionLoggerListener.log JVM Vendor:            Oracle Corporation
22-Apr-2026 07:17:11.293 INFO [main] org.apache.catalina.startup.VersionLoggerListener.log CATALINA_BASE:         C:\Users\adonis\Documents\Projects\Lottery\deploy\apache-tomcat-10.1.28
22-Apr-2026 07:17:11.293 INFO [main] org.apache.catalina.startup.VersionLoggerListener.log CATALINA_HOME:         C:\Users\adonis\Documents\Projects\Lottery\deploy\apache-tomcat-10.1.28
22-Apr-2026 07:17:11.311 INFO [main] org.apache.catalina.startup.VersionLoggerListener.log Command line argument: -Djava.util.logging.config.file=C:\Users\adonis\Documents\Projects\Lottery\deploy\apache-tomcat-10.1.28\bin\..\conf\logging.properties
22-Apr-2026 07:17:11.312 INFO [main] org.apache.catalina.startup.VersionLoggerListener.log Command line argument: -Djava.util.logging.manager=org.apache.juli.ClassLoaderLogManager
22-Apr-2026 07:17:11.314 INFO [main] org.apache.catalina.startup.VersionLoggerListener.log Command line argument: -Djdk.tls.ephemeralDHKeySize=2048
22-Apr-2026 07:17:11.315 INFO [main] org.apache.catalina.startup.VersionLoggerListener.log Command line argument: -Djava.protocol.handler.pkgs=org.apache.catalina.webresources
22-Apr-2026 07:17:11.315 INFO [main] org.apache.catalina.startup.VersionLoggerListener.log Command line argument: --add-opens=java.base/java.lang=ALL-UNNAMED
22-Apr-2026 07:17:11.316 INFO [main] org.apache.catalina.startup.VersionLoggerListener.log Command line argument: --add-opens=java.base/java.io=ALL-UNNAMED
22-Apr-2026 07:17:11.317 INFO [main] org.apache.catalina.startup.VersionLoggerListener.log Command line argument: --add-opens=java.base/java.util=ALL-UNNAMED
22-Apr-2026 07:17:11.317 INFO [main] org.apache.catalina.startup.VersionLoggerListener.log Command line argument: --add-opens=java.base/java.util.concurrent=ALL-UNNAMED
22-Apr-2026 07:17:11.319 INFO [main] org.apache.catalina.startup.VersionLoggerListener.log Command line argument: --add-opens=java.rmi/sun.rmi.transport=ALL-UNNAMED
22-Apr-2026 07:17:11.319 INFO [main] org.apache.catalina.startup.VersionLoggerListener.log Command line argument: -Dcatalina.base=C:\Users\adonis\Documents\Projects\Lottery\deploy\apache-tomcat-10.1.28\bin\..
22-Apr-2026 07:17:11.319 INFO [main] org.apache.catalina.startup.VersionLoggerListener.log Command line argument: -Dcatalina.home=C:\Users\adonis\Documents\Projects\Lottery\deploy\apache-tomcat-10.1.28\bin\..
22-Apr-2026 07:17:11.320 INFO [main] org.apache.catalina.startup.VersionLoggerListener.log Command line argument: -Djava.io.tmpdir=C:\Users\adonis\Documents\Projects\Lottery\deploy\apache-tomcat-10.1.28\bin\..\temp
22-Apr-2026 07:17:11.328 INFO [main] org.apache.catalina.core.AprLifecycleListener.lifecycleEvent The Apache Tomcat Native library which allows using OpenSSL was not found on the java.library.path: [C:\Program Files\Java\jdk-24\bin;C:\WINDOWS\Sun\Java\bin;C:\WINDOWS\system32;C:\WINDOWS;C:\Program Files\Common Files\Oracle\Java\javapath;C:\Program Files (x86)\Common Files\Oracle\Java\java8path;C:\Program Files (x86)\Common Files\Oracle\Java\javapath;C:\WINDOWS\system32;C:\WINDOWS;C:\WINDOWS\System32\Wbem;C:\WINDOWS\System32\WindowsPowerShell\v1.0\;C:\WINDOWS\System32\OpenSSH\;C:\Program Files\dotnet\;C:\Program Files (x86)\Microsoft SQL Server\160\Tools\Binn\;C:\Program Files\Microsoft SQL Server\160\Tools\Binn\;C:\Program Files\Microsoft SQL Server\Client SDK\ODBC\170\Tools\Binn\;C:\Program Files\Microsoft SQL Server\160\DTS\Binn\;C:\Program Files\Git\cmd;C:\Program Files\NVIDIA Corporation\NVIDIA App\NvDLISR;C:\Program Files (x86)\NVIDIA Corporation\PhysX\Common;C:\Program Files (x86)\cloudflared\;C:\Users\adonis\AppData\Local\Muse Hub\lib;C:\Program Files\nodejs\;C:\Program Files\Cloudflare\Cloudflare WARP\;C:\Users\adonis\AppData\Local\Programs\Python\Python39\Scripts\;C:\Users\adonis\AppData\Local\Programs\Python\Python39\;C:\Users\adonis\AppData\Local\Programs\Python\Python310\Scripts\;C:\Users\adonis\AppData\Local\Programs\Python\Python310\;C:\Users\adonis\AppData\Local\Programs\Python\Python312\Scripts\;C:\Users\adonis\AppData\Local\Programs\Python\Python312\;C:\Users\adonis\AppData\Local\Microsoft\WindowsApps;C:\Users\adonis\AppData\Local\Programs\Microsoft VS Code Insiders\bin;C:\Users\adonis\AppData\Local\PowerToys\;C:\Program Files\Google\Chrome\Application;C:\Users\adonis\AppData\Local\Programs\Antigravity\bin;C:\Users\adonis\Documents\ffmpeg\ffmpeg-7.1.1-full_build-shared\bin;C:\Users\adonis\AppData\Local\GitHubDesktop\bin;C:\mingw64\bin;C:\Program Files\Java\jdk-24\bin;C:\Users\adonis\AppData\Local\Programs\Microsoft VS Code\bin;C:\Users\adonis\AppData\Local\Muse Hub\lib;C:\Users\adonis\AppData\Roaming\npm;C:\Users\adonis\AppData\Local\Android\Sdk\platform-tools;c:\Users\adonis\.antigravity\extensions\ms-python.debugpy-2025.18.0-win32-x64\bundled\scripts\noConfigScriptsc:\Users\adonis\.antigravity\extensions\vscjava.vscode-java-debug-0.59.0-universal\bundled\scripts\noConfigScripts;.]
22-Apr-2026 07:17:11.851 INFO [main] org.apache.coyote.AbstractProtocol.init Initializing ProtocolHandler ["http-nio-8080"]
22-Apr-2026 07:17:11.912 INFO [main] org.apache.catalina.startup.Catalina.load Server initialization in [966] milliseconds
22-Apr-2026 07:17:12.175 INFO [main] org.apache.catalina.core.StandardService.startInternal Starting service [Catalina]
22-Apr-2026 07:17:12.176 INFO [main] org.apache.catalina.core.StandardEngine.startInternal Starting Servlet engine: [Apache Tomcat/10.1.28]
22-Apr-2026 07:17:12.228 INFO [main] org.apache.catalina.startup.HostConfig.deployWAR Deploying web application archive [C:\Users\adonis\Documents\Projects\Lottery\deploy\apache-tomcat-10.1.28\webapps\Lottery.war]
22-Apr-2026 07:17:14.423 INFO [main] org.apache.jasper.servlet.TldScanner.scanJars At least one JAR was scanned for TLDs yet contained no TLDs. Enable debug logging for this logger for a complete list of JARs that were scanned but no TLDs were found in them. Skipping unneeded JARs during scanning can improve startup time and JSP compilation time.
22-Apr-2026 07:17:15.122 INFO [main] org.apache.catalina.startup.HostConfig.deployWAR Deployment of web application archive [C:\Users\adonis\Documents\Projects\Lottery\deploy\apache-tomcat-10.1.28\webapps\Lottery.war] has finished in [2,884] ms
22-Apr-2026 07:17:15.127 INFO [main] org.apache.catalina.startup.HostConfig.deployDirectory Deploying web application directory [C:\Users\adonis\Documents\Projects\Lottery\deploy\apache-tomcat-10.1.28\webapps\docs]
22-Apr-2026 07:17:15.208 INFO [main] org.apache.jasper.servlet.TldScanner.scanJars At least one JAR was scanned for TLDs yet contained no TLDs. Enable debug logging for this logger for a complete list of JARs that were scanned but no TLDs were found in them. Skipping unneeded JARs during scanning can improve startup time and JSP compilation time.
22-Apr-2026 07:17:15.217 INFO [main] org.apache.catalina.startup.HostConfig.deployDirectory Deployment of web application directory [C:\Users\adonis\Documents\Projects\Lottery\deploy\apache-tomcat-10.1.28\webapps\docs] has finished in [84] ms
22-Apr-2026 07:17:15.225 INFO [main] org.apache.catalina.startup.HostConfig.deployDirectory Deploying web application directory [C:\Users\adonis\Documents\Projects\Lottery\deploy\apache-tomcat-10.1.28\webapps\examples]
22-Apr-2026 07:17:15.907 INFO [main] org.apache.jasper.servlet.TldScanner.scanJars At least one JAR was scanned for TLDs yet contained no TLDs. Enable debug logging for this logger for a complete list of JARs that were scanned but no TLDs were found in them. Skipping unneeded JARs during scanning can improve startup time and JSP compilation time.
22-Apr-2026 07:17:16.464 INFO [main] org.apache.catalina.startup.HostConfig.deployDirectory Deployment of web application directory [C:\Users\adonis\Documents\Projects\Lottery\deploy\apache-tomcat-10.1.28\webapps\examples] has finished in [1,244] ms
22-Apr-2026 07:17:16.480 INFO [main] org.apache.catalina.startup.HostConfig.deployDirectory Deploying web application directory [C:\Users\adonis\Documents\Projects\Lottery\deploy\apache-tomcat-10.1.28\webapps\host-manager]
22-Apr-2026 07:17:16.586 INFO [main] org.apache.jasper.servlet.TldScanner.scanJars At least one JAR was scanned for TLDs yet contained no TLDs. Enable debug logging for this logger for a complete list of JARs that were scanned but no TLDs were found in them. Skipping unneeded JARs during scanning can improve startup time and JSP compilation time.
22-Apr-2026 07:17:16.633 INFO [main] org.apache.catalina.startup.HostConfig.deployDirectory Deployment of web application directory [C:\Users\adonis\Documents\Projects\Lottery\deploy\apache-tomcat-10.1.28\webapps\host-manager] has finished in [154] ms
22-Apr-2026 07:17:16.635 INFO [main] org.apache.catalina.startup.HostConfig.deployDirectory Deploying web application directory [C:\Users\adonis\Documents\Projects\Lottery\deploy\apache-tomcat-10.1.28\webapps\manager]
22-Apr-2026 07:17:16.706 INFO [main] org.apache.jasper.servlet.TldScanner.scanJars At least one JAR was scanned for TLDs yet contained no TLDs. Enable debug logging for this logger for a complete list of JARs that were scanned but no TLDs were found in them. Skipping unneeded JARs during scanning can improve startup time and JSP compilation time.
22-Apr-2026 07:17:16.710 INFO [main] org.apache.catalina.startup.HostConfig.deployDirectory Deployment of web application directory [C:\Users\adonis\Documents\Projects\Lottery\deploy\apache-tomcat-10.1.28\webapps\manager] has finished in [75] ms
22-Apr-2026 07:17:16.717 INFO [main] org.apache.catalina.startup.HostConfig.deployDirectory Deploying web application directory [C:\Users\adonis\Documents\Projects\Lottery\deploy\apache-tomcat-10.1.28\webapps\ROOT]
22-Apr-2026 07:17:16.759 INFO [main] org.apache.jasper.servlet.TldScanner.scanJars At least one JAR was scanned for TLDs yet contained no TLDs. Enable debug logging for this logger for a complete list of JARs that were scanned but no TLDs were found in them. Skipping unneeded JARs during scanning can improve startup time and JSP compilation time.
22-Apr-2026 07:17:16.769 INFO [main] org.apache.catalina.startup.HostConfig.deployDirectory Deployment of web application directory [C:\Users\adonis\Documents\Projects\Lottery\deploy\apache-tomcat-10.1.28\webapps\ROOT] has finished in [52] ms
22-Apr-2026 07:17:16.856 INFO [main] org.apache.coyote.AbstractProtocol.start Starting ProtocolHandler ["http-nio-8080"]
22-Apr-2026 07:17:17.179 INFO [main] org.apache.catalina.startup.Catalina.start Server startup in [5260] milliseconds
22-Apr-2026 07:44:28.111 INFO [main] org.apache.catalina.core.StandardServer.await A valid shutdown command was received via the shutdown port. Stopping the Server instance.
22-Apr-2026 07:44:28.112 INFO [main] org.apache.coyote.AbstractProtocol.pause Pausing ProtocolHandler ["http-nio-8080"]
22-Apr-2026 07:44:28.127 INFO [main] org.apache.catalina.core.StandardService.stopInternal Stopping service [Catalina]
22-Apr-2026 07:44:28.169 INFO [main] org.apache.coyote.AbstractProtocol.stop Stopping ProtocolHandler ["http-nio-8080"]
22-Apr-2026 07:44:28.178 INFO [main] org.apache.coyote.AbstractProtocol.destroy Destroying ProtocolHandler ["http-nio-8080"]
22-Apr-2026 07:44:35.000 INFO [main] org.apache.catalina.startup.VersionLoggerListener.log Server version name:   Apache Tomcat/10.1.28
22-Apr-2026 07:44:35.002 INFO [main] org.apache.catalina.startup.VersionLoggerListener.log Server built:          Aug 2 2024 15:14:43 UTC
22-Apr-2026 07:44:35.003 INFO [main] org.apache.catalina.startup.VersionLoggerListener.log Server version number: 10.1.28.0
22-Apr-2026 07:44:35.004 INFO [main] org.apache.catalina.startup.VersionLoggerListener.log OS Name:               Windows 11
22-Apr-2026 07:44:35.004 INFO [main] org.apache.catalina.startup.VersionLoggerListener.log OS Version:            10.0
22-Apr-2026 07:44:35.004 INFO [main] org.apache.catalina.startup.VersionLoggerListener.log Architecture:          amd64
22-Apr-2026 07:44:35.004 INFO [main] org.apache.catalina.startup.VersionLoggerListener.log Java Home:             C:\Program Files\Java\jdk-24
22-Apr-2026 07:44:35.005 INFO [main] org.apache.catalina.startup.VersionLoggerListener.log JVM Version:           24.0.2+12-54
22-Apr-2026 07:44:35.005 INFO [main] org.apache.catalina.startup.VersionLoggerListener.log JVM Vendor:            Oracle Corporation
22-Apr-2026 07:44:35.005 INFO [main] org.apache.catalina.startup.VersionLoggerListener.log CATALINA_BASE:         C:\Users\adonis\Documents\Projects\Lottery\deploy\apache-tomcat-10.1.28
22-Apr-2026 07:44:35.005 INFO [main] org.apache.catalina.startup.VersionLoggerListener.log CATALINA_HOME:         C:\Users\adonis\Documents\Projects\Lottery\deploy\apache-tomcat-10.1.28
22-Apr-2026 07:44:35.030 INFO [main] org.apache.catalina.startup.VersionLoggerListener.log Command line argument: -Djava.util.logging.config.file=C:\Users\adonis\Documents\Projects\Lottery\deploy\apache-tomcat-10.1.28\bin\..\conf\logging.properties
22-Apr-2026 07:44:35.030 INFO [main] org.apache.catalina.startup.VersionLoggerListener.log Command line argument: -Djava.util.logging.manager=org.apache.juli.ClassLoaderLogManager
22-Apr-2026 07:44:35.030 INFO [main] org.apache.catalina.startup.VersionLoggerListener.log Command line argument: -Djdk.tls.ephemeralDHKeySize=2048
22-Apr-2026 07:44:35.030 INFO [main] org.apache.catalina.startup.VersionLoggerListener.log Command line argument: -Djava.protocol.handler.pkgs=org.apache.catalina.webresources
22-Apr-2026 07:44:35.030 INFO [main] org.apache.catalina.startup.VersionLoggerListener.log Command line argument: --add-opens=java.base/java.lang=ALL-UNNAMED
22-Apr-2026 07:44:35.030 INFO [main] org.apache.catalina.startup.VersionLoggerListener.log Command line argument: --add-opens=java.base/java.io=ALL-UNNAMED
22-Apr-2026 07:44:35.031 INFO [main] org.apache.catalina.startup.VersionLoggerListener.log Command line argument: --add-opens=java.base/java.util=ALL-UNNAMED
22-Apr-2026 07:44:35.031 INFO [main] org.apache.catalina.startup.VersionLoggerListener.log Command line argument: --add-opens=java.base/java.util.concurrent=ALL-UNNAMED
22-Apr-2026 07:44:35.031 INFO [main] org.apache.catalina.startup.VersionLoggerListener.log Command line argument: --add-opens=java.rmi/sun.rmi.transport=ALL-UNNAMED
22-Apr-2026 07:44:35.031 INFO [main] org.apache.catalina.startup.VersionLoggerListener.log Command line argument: -Dcatalina.base=C:\Users\adonis\Documents\Projects\Lottery\deploy\apache-tomcat-10.1.28\bin\..
22-Apr-2026 07:44:35.031 INFO [main] org.apache.catalina.startup.VersionLoggerListener.log Command line argument: -Dcatalina.home=C:\Users\adonis\Documents\Projects\Lottery\deploy\apache-tomcat-10.1.28\bin\..
22-Apr-2026 07:44:35.031 INFO [main] org.apache.catalina.startup.VersionLoggerListener.log Command line argument: -Djava.io.tmpdir=C:\Users\adonis\Documents\Projects\Lottery\deploy\apache-tomcat-10.1.28\bin\..\temp
22-Apr-2026 07:44:35.040 INFO [main] org.apache.catalina.core.AprLifecycleListener.lifecycleEvent The Apache Tomcat Native library which allows using OpenSSL was not found on the java.library.path: [C:\Program Files\Java\jdk-24\bin;C:\WINDOWS\Sun\Java\bin;C:\WINDOWS\system32;C:\WINDOWS;C:\Program Files\Common Files\Oracle\Java\javapath;C:\Program Files (x86)\Common Files\Oracle\Java\java8path;C:\Program Files (x86)\Common Files\Oracle\Java\javapath;C:\WINDOWS\system32;C:\WINDOWS;C:\WINDOWS\System32\Wbem;C:\WINDOWS\System32\WindowsPowerShell\v1.0\;C:\WINDOWS\System32\OpenSSH\;C:\Program Files\dotnet\;C:\Program Files (x86)\Microsoft SQL Server\160\Tools\Binn\;C:\Program Files\Microsoft SQL Server\160\Tools\Binn\;C:\Program Files\Microsoft SQL Server\Client SDK\ODBC\170\Tools\Binn\;C:\Program Files\Microsoft SQL Server\160\DTS\Binn\;C:\Program Files\Git\cmd;C:\Program Files\NVIDIA Corporation\NVIDIA App\NvDLISR;C:\Program Files (x86)\NVIDIA Corporation\PhysX\Common;C:\Program Files (x86)\cloudflared\;C:\Users\adonis\AppData\Local\Muse Hub\lib;C:\Program Files\nodejs\;C:\Program Files\Cloudflare\Cloudflare WARP\;C:\Users\adonis\AppData\Local\Programs\Python\Python39\Scripts\;C:\Users\adonis\AppData\Local\Programs\Python\Python39\;C:\Users\adonis\AppData\Local\Programs\Python\Python310\Scripts\;C:\Users\adonis\AppData\Local\Programs\Python\Python310\;C:\Users\adonis\AppData\Local\Programs\Python\Python312\Scripts\;C:\Users\adonis\AppData\Local\Programs\Python\Python312\;C:\Users\adonis\AppData\Local\Microsoft\WindowsApps;C:\Users\adonis\AppData\Local\Programs\Microsoft VS Code Insiders\bin;C:\Users\adonis\AppData\Local\PowerToys\;C:\Program Files\Google\Chrome\Application;C:\Users\adonis\AppData\Local\Programs\Antigravity\bin;C:\Users\adonis\Documents\ffmpeg\ffmpeg-7.1.1-full_build-shared\bin;C:\Users\adonis\AppData\Local\GitHubDesktop\bin;C:\mingw64\bin;C:\Program Files\Java\jdk-24\bin;C:\Users\adonis\AppData\Local\Programs\Microsoft VS Code\bin;C:\Users\adonis\AppData\Local\Muse Hub\lib;C:\Users\adonis\AppData\Roaming\npm;C:\Users\adonis\AppData\Local\Android\Sdk\platform-tools;c:\Users\adonis\.antigravity\extensions\ms-python.debugpy-2025.18.0-win32-x64\bundled\scripts\noConfigScriptsc:\Users\adonis\.antigravity\extensions\vscjava.vscode-java-debug-0.59.0-universal\bundled\scripts\noConfigScripts;.]
22-Apr-2026 07:44:35.517 INFO [main] org.apache.coyote.AbstractProtocol.init Initializing ProtocolHandler ["http-nio-8080"]
22-Apr-2026 07:44:35.579 INFO [main] org.apache.catalina.startup.Catalina.load Server initialization in [782] milliseconds
22-Apr-2026 07:44:35.799 INFO [main] org.apache.catalina.core.StandardService.startInternal Starting service [Catalina]
22-Apr-2026 07:44:35.799 INFO [main] org.apache.catalina.core.StandardEngine.startInternal Starting Servlet engine: [Apache Tomcat/10.1.28]
22-Apr-2026 07:44:35.827 INFO [main] org.apache.catalina.startup.HostConfig.deployWAR Deploying web application archive [C:\Users\adonis\Documents\Projects\Lottery\deploy\apache-tomcat-10.1.28\webapps\Lottery.war]
22-Apr-2026 07:44:38.657 INFO [main] org.apache.jasper.servlet.TldScanner.scanJars At least one JAR was scanned for TLDs yet contained no TLDs. Enable debug logging for this logger for a complete list of JARs that were scanned but no TLDs were found in them. Skipping unneeded JARs during scanning can improve startup time and JSP compilation time.
22-Apr-2026 07:44:39.224 INFO [main] org.apache.catalina.startup.HostConfig.deployWAR Deployment of web application archive [C:\Users\adonis\Documents\Projects\Lottery\deploy\apache-tomcat-10.1.28\webapps\Lottery.war] has finished in [3,396] ms
22-Apr-2026 07:44:39.227 INFO [main] org.apache.catalina.startup.HostConfig.deployDirectory Deploying web application directory [C:\Users\adonis\Documents\Projects\Lottery\deploy\apache-tomcat-10.1.28\webapps\docs]
22-Apr-2026 07:44:39.267 INFO [main] org.apache.jasper.servlet.TldScanner.scanJars At least one JAR was scanned for TLDs yet contained no TLDs. Enable debug logging for this logger for a complete list of JARs that were scanned but no TLDs were found in them. Skipping unneeded JARs during scanning can improve startup time and JSP compilation time.
22-Apr-2026 07:44:39.272 INFO [main] org.apache.catalina.startup.HostConfig.deployDirectory Deployment of web application directory [C:\Users\adonis\Documents\Projects\Lottery\deploy\apache-tomcat-10.1.28\webapps\docs] has finished in [45] ms
22-Apr-2026 07:44:39.273 INFO [main] org.apache.catalina.startup.HostConfig.deployDirectory Deploying web application directory [C:\Users\adonis\Documents\Projects\Lottery\deploy\apache-tomcat-10.1.28\webapps\examples]
22-Apr-2026 07:44:39.539 INFO [main] org.apache.jasper.servlet.TldScanner.scanJars At least one JAR was scanned for TLDs yet contained no TLDs. Enable debug logging for this logger for a complete list of JARs that were scanned but no TLDs were found in them. Skipping unneeded JARs during scanning can improve startup time and JSP compilation time.
22-Apr-2026 07:44:39.722 INFO [main] org.apache.catalina.startup.HostConfig.deployDirectory Deployment of web application directory [C:\Users\adonis\Documents\Projects\Lottery\deploy\apache-tomcat-10.1.28\webapps\examples] has finished in [449] ms
22-Apr-2026 07:44:39.723 INFO [main] org.apache.catalina.startup.HostConfig.deployDirectory Deploying web application directory [C:\Users\adonis\Documents\Projects\Lottery\deploy\apache-tomcat-10.1.28\webapps\host-manager]
22-Apr-2026 07:44:39.767 INFO [main] org.apache.jasper.servlet.TldScanner.scanJars At least one JAR was scanned for TLDs yet contained no TLDs. Enable debug logging for this logger for a complete list of JARs that were scanned but no TLDs were found in them. Skipping unneeded JARs during scanning can improve startup time and JSP compilation time.
22-Apr-2026 07:44:39.806 INFO [main] org.apache.catalina.startup.HostConfig.deployDirectory Deployment of web application directory [C:\Users\adonis\Documents\Projects\Lottery\deploy\apache-tomcat-10.1.28\webapps\host-manager] has finished in [80] ms
22-Apr-2026 07:44:39.808 INFO [main] org.apache.catalina.startup.HostConfig.deployDirectory Deploying web application directory [C:\Users\adonis\Documents\Projects\Lottery\deploy\apache-tomcat-10.1.28\webapps\manager]
22-Apr-2026 07:44:39.869 INFO [main] org.apache.jasper.servlet.TldScanner.scanJars At least one JAR was scanned for TLDs yet contained no TLDs. Enable debug logging for this logger for a complete list of JARs that were scanned but no TLDs were found in them. Skipping unneeded JARs during scanning can improve startup time and JSP compilation time.
22-Apr-2026 07:44:39.872 INFO [main] org.apache.catalina.startup.HostConfig.deployDirectory Deployment of web application directory [C:\Users\adonis\Documents\Projects\Lottery\deploy\apache-tomcat-10.1.28\webapps\manager] has finished in [64] ms
22-Apr-2026 07:44:39.876 INFO [main] org.apache.catalina.startup.HostConfig.deployDirectory Deploying web application directory [C:\Users\adonis\Documents\Projects\Lottery\deploy\apache-tomcat-10.1.28\webapps\ROOT]
22-Apr-2026 07:44:39.906 INFO [main] org.apache.jasper.servlet.TldScanner.scanJars At least one JAR was scanned for TLDs yet contained no TLDs. Enable debug logging for this logger for a complete list of JARs that were scanned but no TLDs were found in them. Skipping unneeded JARs during scanning can improve startup time and JSP compilation time.
22-Apr-2026 07:44:39.911 INFO [main] org.apache.catalina.startup.HostConfig.deployDirectory Deployment of web application directory [C:\Users\adonis\Documents\Projects\Lottery\deploy\apache-tomcat-10.1.28\webapps\ROOT] has finished in [33] ms
22-Apr-2026 07:44:39.942 INFO [main] org.apache.coyote.AbstractProtocol.start Starting ProtocolHandler ["http-nio-8080"]
22-Apr-2026 07:44:40.024 INFO [main] org.apache.catalina.startup.Catalina.start Server startup in [4438] milliseconds
22-Apr-2026 09:55:05.481 SEVERE [main] org.apache.catalina.startup.Catalina.stopServer Could not contact [localhost:8005] (base port [8005] and offset [0]). Tomcat may not be running.
22-Apr-2026 09:55:05.483 SEVERE [main] org.apache.catalina.startup.Catalina.stopServer Error stopping Catalina
	java.net.ConnectException: Connection refused: connect
		at java.base/sun.nio.ch.Net.connect0(Native Method)
		at java.base/sun.nio.ch.Net.connect(Net.java:535)
		at java.base/sun.nio.ch.Net.connect(Net.java:524)
		at java.base/sun.nio.ch.NioSocketImpl.connect(NioSocketImpl.java:574)
		at java.base/java.net.SocksSocketImpl.connect(SocksSocketImpl.java:282)
		at java.base/java.net.Socket.connect(Socket.java:665)
		at java.base/java.net.Socket.connect(Socket.java:603)
		at java.base/java.net.Socket.<init>(Socket.java:470)
		at java.base/java.net.Socket.<init>(Socket.java:276)
		at org.apache.catalina.startup.Catalina.stopServer(Catalina.java:653)
		at java.base/jdk.internal.reflect.DirectMethodHandleAccessor.invoke(DirectMethodHandleAccessor.java:104)
		at java.base/java.lang.reflect.Method.invoke(Method.java:565)
		at org.apache.catalina.startup.Bootstrap.stopServer(Bootstrap.java:393)
		at org.apache.catalina.startup.Bootstrap.main(Bootstrap.java:478)
22-Apr-2026 09:55:12.011 INFO [main] org.apache.catalina.startup.VersionLoggerListener.log Server version name:   Apache Tomcat/10.1.28
22-Apr-2026 09:55:12.014 INFO [main] org.apache.catalina.startup.VersionLoggerListener.log Server built:          Aug 2 2024 15:14:43 UTC
22-Apr-2026 09:55:12.014 INFO [main] org.apache.catalina.startup.VersionLoggerListener.log Server version number: 10.1.28.0
22-Apr-2026 09:55:12.014 INFO [main] org.apache.catalina.startup.VersionLoggerListener.log OS Name:               Windows 11
22-Apr-2026 09:55:12.016 INFO [main] org.apache.catalina.startup.VersionLoggerListener.log OS Version:            10.0
22-Apr-2026 09:55:12.016 INFO [main] org.apache.catalina.startup.VersionLoggerListener.log Architecture:          amd64
22-Apr-2026 09:55:12.016 INFO [main] org.apache.catalina.startup.VersionLoggerListener.log Java Home:             C:\Program Files\Java\jdk-24
22-Apr-2026 09:55:12.016 INFO [main] org.apache.catalina.startup.VersionLoggerListener.log JVM Version:           24.0.2+12-54
22-Apr-2026 09:55:12.016 INFO [main] org.apache.catalina.startup.VersionLoggerListener.log JVM Vendor:            Oracle Corporation
22-Apr-2026 09:55:12.017 INFO [main] org.apache.catalina.startup.VersionLoggerListener.log CATALINA_BASE:         C:\Users\adonis\Documents\Projects\Lottery\deploy\apache-tomcat-10.1.28
22-Apr-2026 09:55:12.017 INFO [main] org.apache.catalina.startup.VersionLoggerListener.log CATALINA_HOME:         C:\Users\adonis\Documents\Projects\Lottery\deploy\apache-tomcat-10.1.28
22-Apr-2026 09:55:12.038 INFO [main] org.apache.catalina.startup.VersionLoggerListener.log Command line argument: -Djava.util.logging.config.file=C:\Users\adonis\Documents\Projects\Lottery\deploy\apache-tomcat-10.1.28\bin\..\conf\logging.properties
22-Apr-2026 09:55:12.038 INFO [main] org.apache.catalina.startup.VersionLoggerListener.log Command line argument: -Djava.util.logging.manager=org.apache.juli.ClassLoaderLogManager
22-Apr-2026 09:55:12.039 INFO [main] org.apache.catalina.startup.VersionLoggerListener.log Command line argument: -Djdk.tls.ephemeralDHKeySize=2048
22-Apr-2026 09:55:12.040 INFO [main] org.apache.catalina.startup.VersionLoggerListener.log Command line argument: -Djava.protocol.handler.pkgs=org.apache.catalina.webresources
22-Apr-2026 09:55:12.040 INFO [main] org.apache.catalina.startup.VersionLoggerListener.log Command line argument: --add-opens=java.base/java.lang=ALL-UNNAMED
22-Apr-2026 09:55:12.041 INFO [main] org.apache.catalina.startup.VersionLoggerListener.log Command line argument: --add-opens=java.base/java.io=ALL-UNNAMED
22-Apr-2026 09:55:12.042 INFO [main] org.apache.catalina.startup.VersionLoggerListener.log Command line argument: --add-opens=java.base/java.util=ALL-UNNAMED
22-Apr-2026 09:55:12.042 INFO [main] org.apache.catalina.startup.VersionLoggerListener.log Command line argument: --add-opens=java.base/java.util.concurrent=ALL-UNNAMED
22-Apr-2026 09:55:12.045 INFO [main] org.apache.catalina.startup.VersionLoggerListener.log Command line argument: --add-opens=java.rmi/sun.rmi.transport=ALL-UNNAMED
22-Apr-2026 09:55:12.046 INFO [main] org.apache.catalina.startup.VersionLoggerListener.log Command line argument: -Dcatalina.base=C:\Users\adonis\Documents\Projects\Lottery\deploy\apache-tomcat-10.1.28\bin\..
22-Apr-2026 09:55:12.047 INFO [main] org.apache.catalina.startup.VersionLoggerListener.log Command line argument: -Dcatalina.home=C:\Users\adonis\Documents\Projects\Lottery\deploy\apache-tomcat-10.1.28\bin\..
22-Apr-2026 09:55:12.049 INFO [main] org.apache.catalina.startup.VersionLoggerListener.log Command line argument: -Djava.io.tmpdir=C:\Users\adonis\Documents\Projects\Lottery\deploy\apache-tomcat-10.1.28\bin\..\temp
22-Apr-2026 09:55:12.060 INFO [main] org.apache.catalina.core.AprLifecycleListener.lifecycleEvent The Apache Tomcat Native library which allows using OpenSSL was not found on the java.library.path: [C:\Program Files\Java\jdk-24\bin;C:\WINDOWS\Sun\Java\bin;C:\WINDOWS\system32;C:\WINDOWS;C:\Program Files\Common Files\Oracle\Java\javapath;C:\Program Files (x86)\Common Files\Oracle\Java\java8path;C:\Program Files (x86)\Common Files\Oracle\Java\javapath;C:\WINDOWS\system32;C:\WINDOWS;C:\WINDOWS\System32\Wbem;C:\WINDOWS\System32\WindowsPowerShell\v1.0\;C:\WINDOWS\System32\OpenSSH\;C:\Program Files\dotnet\;C:\Program Files (x86)\Microsoft SQL Server\160\Tools\Binn\;C:\Program Files\Microsoft SQL Server\160\Tools\Binn\;C:\Program Files\Microsoft SQL Server\Client SDK\ODBC\170\Tools\Binn\;C:\Program Files\Microsoft SQL Server\160\DTS\Binn\;C:\Program Files\Git\cmd;C:\Program Files\NVIDIA Corporation\NVIDIA App\NvDLISR;C:\Program Files (x86)\NVIDIA Corporation\PhysX\Common;C:\Program Files (x86)\cloudflared\;C:\Users\adonis\AppData\Local\Muse Hub\lib;C:\Program Files\nodejs\;C:\Program Files\Cloudflare\Cloudflare WARP\;C:\Users\adonis\AppData\Local\Programs\Python\Python39\Scripts\;C:\Users\adonis\AppData\Local\Programs\Python\Python39\;C:\Users\adonis\AppData\Local\Programs\Python\Python310\Scripts\;C:\Users\adonis\AppData\Local\Programs\Python\Python310\;C:\Users\adonis\AppData\Local\Programs\Python\Python312\Scripts\;C:\Users\adonis\AppData\Local\Programs\Python\Python312\;C:\Users\adonis\AppData\Local\Microsoft\WindowsApps;C:\Users\adonis\AppData\Local\Programs\Microsoft VS Code Insiders\bin;C:\Users\adonis\AppData\Local\PowerToys\;C:\Program Files\Google\Chrome\Application;C:\Users\adonis\AppData\Local\Programs\Antigravity\bin;C:\Users\adonis\Documents\ffmpeg\ffmpeg-7.1.1-full_build-shared\bin;C:\Users\adonis\AppData\Local\GitHubDesktop\bin;C:\mingw64\bin;C:\Program Files\Java\jdk-24\bin;C:\Users\adonis\AppData\Local\Programs\Microsoft VS Code\bin;C:\Users\adonis\AppData\Local\Muse Hub\lib;C:\Users\adonis\AppData\Roaming\npm;C:\Users\adonis\AppData\Local\Android\Sdk\platform-tools;c:\Users\adonis\.antigravity\extensions\ms-python.debugpy-2025.18.0-win32-x64\bundled\scripts\noConfigScriptsc:\Users\adonis\.antigravity\extensions\vscjava.vscode-java-debug-0.59.0-universal\bundled\scripts\noConfigScripts;.]
22-Apr-2026 09:55:12.513 INFO [main] org.apache.coyote.AbstractProtocol.init Initializing ProtocolHandler ["http-nio-8080"]
22-Apr-2026 09:55:12.574 INFO [main] org.apache.catalina.startup.Catalina.load Server initialization in [794] milliseconds
22-Apr-2026 09:55:12.731 INFO [main] org.apache.catalina.core.StandardService.startInternal Starting service [Catalina]
22-Apr-2026 09:55:12.731 INFO [main] org.apache.catalina.core.StandardEngine.startInternal Starting Servlet engine: [Apache Tomcat/10.1.28]
22-Apr-2026 09:55:12.747 INFO [main] org.apache.catalina.startup.HostConfig.deployWAR Deploying web application archive [C:\Users\adonis\Documents\Projects\Lottery\deploy\apache-tomcat-10.1.28\webapps\Lottery.war]
22-Apr-2026 09:55:17.595 INFO [main] org.apache.jasper.servlet.TldScanner.scanJars At least one JAR was scanned for TLDs yet contained no TLDs. Enable debug logging for this logger for a complete list of JARs that were scanned but no TLDs were found in them. Skipping unneeded JARs during scanning can improve startup time and JSP compilation time.
22-Apr-2026 09:55:18.053 INFO [main] org.apache.catalina.startup.HostConfig.deployWAR Deployment of web application archive [C:\Users\adonis\Documents\Projects\Lottery\deploy\apache-tomcat-10.1.28\webapps\Lottery.war] has finished in [5,304] ms
22-Apr-2026 09:55:18.054 INFO [main] org.apache.catalina.startup.HostConfig.deployDirectory Deploying web application directory [C:\Users\adonis\Documents\Projects\Lottery\deploy\apache-tomcat-10.1.28\webapps\docs]
22-Apr-2026 09:55:18.231 INFO [main] org.apache.jasper.servlet.TldScanner.scanJars At least one JAR was scanned for TLDs yet contained no TLDs. Enable debug logging for this logger for a complete list of JARs that were scanned but no TLDs were found in them. Skipping unneeded JARs during scanning can improve startup time and JSP compilation time.
22-Apr-2026 09:55:18.242 INFO [main] org.apache.catalina.startup.HostConfig.deployDirectory Deployment of web application directory [C:\Users\adonis\Documents\Projects\Lottery\deploy\apache-tomcat-10.1.28\webapps\docs] has finished in [188] ms
22-Apr-2026 09:55:18.244 INFO [main] org.apache.catalina.startup.HostConfig.deployDirectory Deploying web application directory [C:\Users\adonis\Documents\Projects\Lottery\deploy\apache-tomcat-10.1.28\webapps\examples]
22-Apr-2026 09:55:19.434 INFO [main] org.apache.jasper.servlet.TldScanner.scanJars At least one JAR was scanned for TLDs yet contained no TLDs. Enable debug logging for this logger for a complete list of JARs that were scanned but no TLDs were found in them. Skipping unneeded JARs during scanning can improve startup time and JSP compilation time.
22-Apr-2026 09:55:19.630 INFO [main] org.apache.catalina.startup.HostConfig.deployDirectory Deployment of web application directory [C:\Users\adonis\Documents\Projects\Lottery\deploy\apache-tomcat-10.1.28\webapps\examples] has finished in [1,386] ms
22-Apr-2026 09:55:19.632 INFO [main] org.apache.catalina.startup.HostConfig.deployDirectory Deploying web application directory [C:\Users\adonis\Documents\Projects\Lottery\deploy\apache-tomcat-10.1.28\webapps\host-manager]
22-Apr-2026 09:55:19.789 INFO [main] org.apache.jasper.servlet.TldScanner.scanJars At least one JAR was scanned for TLDs yet contained no TLDs. Enable debug logging for this logger for a complete list of JARs that were scanned but no TLDs were found in them. Skipping unneeded JARs during scanning can improve startup time and JSP compilation time.
22-Apr-2026 09:55:19.808 INFO [main] org.apache.catalina.startup.HostConfig.deployDirectory Deployment of web application directory [C:\Users\adonis\Documents\Projects\Lottery\deploy\apache-tomcat-10.1.28\webapps\host-manager] has finished in [174] ms
22-Apr-2026 09:55:19.808 INFO [main] org.apache.catalina.startup.HostConfig.deployDirectory Deploying web application directory [C:\Users\adonis\Documents\Projects\Lottery\deploy\apache-tomcat-10.1.28\webapps\manager]
22-Apr-2026 09:55:19.971 INFO [main] org.apache.jasper.servlet.TldScanner.scanJars At least one JAR was scanned for TLDs yet contained no TLDs. Enable debug logging for this logger for a complete list of JARs that were scanned but no TLDs were found in them. Skipping unneeded JARs during scanning can improve startup time and JSP compilation time.
22-Apr-2026 09:55:19.982 INFO [main] org.apache.catalina.startup.HostConfig.deployDirectory Deployment of web application directory [C:\Users\adonis\Documents\Projects\Lottery\deploy\apache-tomcat-10.1.28\webapps\manager] has finished in [174] ms
22-Apr-2026 09:55:19.983 INFO [main] org.apache.catalina.startup.HostConfig.deployDirectory Deploying web application directory [C:\Users\adonis\Documents\Projects\Lottery\deploy\apache-tomcat-10.1.28\webapps\ROOT]
22-Apr-2026 09:55:20.102 INFO [main] org.apache.jasper.servlet.TldScanner.scanJars At least one JAR was scanned for TLDs yet contained no TLDs. Enable debug logging for this logger for a complete list of JARs that were scanned but no TLDs were found in them. Skipping unneeded JARs during scanning can improve startup time and JSP compilation time.
22-Apr-2026 09:55:20.112 INFO [main] org.apache.catalina.startup.HostConfig.deployDirectory Deployment of web application directory [C:\Users\adonis\Documents\Projects\Lottery\deploy\apache-tomcat-10.1.28\webapps\ROOT] has finished in [129] ms
22-Apr-2026 09:55:20.122 INFO [main] org.apache.coyote.AbstractProtocol.start Starting ProtocolHandler ["http-nio-8080"]
22-Apr-2026 09:55:20.186 INFO [main] org.apache.catalina.startup.Catalina.start Server startup in [7606] milliseconds
22-Apr-2026 09:55:34.006 INFO [http-nio-8080-exec-1] com.lottery.util.LogHelper.info [getAllPublishedCompanies] Getting all published companies
22-Apr-2026 09:55:34.296 INFO [http-nio-8080-exec-1] com.lottery.db.DatabaseConfig.getConnection Attempting to connect with URL: jdbc:sqlserver://localhost:1433;databaseName=master;encrypt=false;trustServerCertificate=true;
22-Apr-2026 09:55:35.919 INFO [http-nio-8080-exec-1] com.lottery.db.LotteryTicketDAO.getAllPublishedCompanies Retrieved 11 published companies
22-Apr-2026 09:55:35.924 INFO [http-nio-8080-exec-1] com.lottery.util.LogHelper.info [getAllDistinctCompanies] Getting all distinct companies
22-Apr-2026 09:55:35.926 INFO [http-nio-8080-exec-1] com.lottery.db.DatabaseConfig.getConnection Attempting to connect with URL: jdbc:sqlserver://localhost:1433;databaseName=master;encrypt=false;trustServerCertificate=true;
22-Apr-2026 09:55:36.003 INFO [http-nio-8080-exec-1] com.lottery.db.LotteryTicketDAO.getAllDistinctCompanies Retrieved 11 distinct companies
22-Apr-2026 09:55:36.008 INFO [http-nio-8080-exec-1] com.lottery.util.LogHelper.info [processUserLotterySearch] Processing user lottery search
22-Apr-2026 09:55:36.030 INFO [http-nio-8080-exec-1] com.lottery.db.DatabaseConfig.getConnection Attempting to connect with URL: jdbc:sqlserver://localhost:1433;databaseName=master;encrypt=false;trustServerCertificate=true;
22-Apr-2026 09:55:36.149 INFO [http-nio-8080-exec-1] com.lottery.db.LotteryTicketDAO.searchTickets Found 10 tickets matching search criteria
22-Apr-2026 09:55:36.153 INFO [http-nio-8080-exec-1] com.lottery.db.DatabaseConfig.getConnection Attempting to connect with URL: jdbc:sqlserver://localhost:1433;databaseName=master;encrypt=false;trustServerCertificate=true;
22-Apr-2026 09:55:36.213 INFO [http-nio-8080-exec-1] com.lottery.db.LotteryTicketDAO.getSearchTicketCount Counted 1031 tickets matching search criteria
22-Apr-2026 09:55:36.219 INFO [http-nio-8080-exec-1] com.lottery.util.LogHelper.info [processUserLotterySearch] User lottery search processed successfully. Found 10 tickets.
22-Apr-2026 09:55:36.221 INFO [http-nio-8080-exec-1] com.lottery.db.DatabaseConfig.getConnection Attempting to connect with URL: jdbc:sqlserver://localhost:1433;databaseName=master;encrypt=false;trustServerCertificate=true;
22-Apr-2026 09:55:36.300 INFO [http-nio-8080-exec-1] com.lottery.db.LotteryTicketDAO.incrementViewCountBatch Batch incremented view count for 10 tickets
