23-Mar-2026 00:00:00.020 INFO [pool-1-thread-1] com.lottery.db.DatabaseConfig.getConnection Attempting to connect with URL: jdbc:sqlserver://localhost:1433;databaseName=master;encrypt=false;trustServerCertificate=true;
23-Mar-2026 00:00:00.045 INFO [pool-1-thread-1] com.lottery.db.DatabaseConfig.getConnection Attempting to connect with URL: jdbc:sqlserver://localhost:1433;databaseName=master;encrypt=false;trustServerCertificate=true;
23-Mar-2026 00:00:00.064 INFO [pool-1-thread-1] com.lottery.db.DatabaseConfig.getConnection Attempting to connect with URL: jdbc:sqlserver://localhost:1433;databaseName=master;encrypt=false;trustServerCertificate=true;
23-Mar-2026 00:00:00.126 INFO [pool-1-thread-1] com.lottery.db.LotteryTicketDAO.getPurchasedTickets Retrieved 0 purchased tickets
23-Mar-2026 00:00:00.126 INFO [pool-1-thread-1] com.lottery.db.DatabaseConfig.getConnection Attempting to connect with URL: jdbc:sqlserver://localhost:1433;databaseName=master;encrypt=false;trustServerCertificate=true;
23-Mar-2026 00:00:00.164 INFO [pool-1-thread-1] com.lottery.db.LotteryTicketDAO.resetTicketsForNewRound Reset tickets for new round, rows affected: 1000
23-Mar-2026 00:00:00.165 INFO [pool-1-thread-1] com.lottery.db.DatabaseConfig.getConnection Attempting to connect with URL: jdbc:sqlserver://localhost:1433;databaseName=master;encrypt=false;trustServerCertificate=true;
23-Mar-2026 00:00:00.221 INFO [pool-1-thread-1] com.lottery.service.DrawService.performDraw Draw completed for round: 1431
23-Mar-2026 00:10:00.004 INFO [pool-1-thread-1] com.lottery.db.DatabaseConfig.getConnection Attempting to connect with URL: jdbc:sqlserver://localhost:1433;databaseName=master;encrypt=false;trustServerCertificate=true;
23-Mar-2026 00:10:00.034 INFO [pool-1-thread-1] com.lottery.db.DatabaseConfig.getConnection Attempting to connect with URL: jdbc:sqlserver://localhost:1433;databaseName=master;encrypt=false;trustServerCertificate=true;
23-Mar-2026 00:10:00.065 INFO [pool-1-thread-1] com.lottery.db.DatabaseConfig.getConnection Attempting to connect with URL: jdbc:sqlserver://localhost:1433;databaseName=master;encrypt=false;trustServerCertificate=true;
23-Mar-2026 00:10:00.090 INFO [pool-1-thread-1] com.lottery.db.LotteryTicketDAO.getPurchasedTickets Retrieved 0 purchased tickets
23-Mar-2026 00:10:00.091 INFO [pool-1-thread-1] com.lottery.db.DatabaseConfig.getConnection Attempting to connect with URL: jdbc:sqlserver://localhost:1433;databaseName=master;encrypt=false;trustServerCertificate=true;
23-Mar-2026 00:10:00.105 INFO [pool-1-thread-1] com.lottery.db.LotteryTicketDAO.resetTicketsForNewRound Reset tickets for new round, rows affected: 1000
23-Mar-2026 00:10:00.105 INFO [pool-1-thread-1] com.lottery.db.DatabaseConfig.getConnection Attempting to connect with URL: jdbc:sqlserver://localhost:1433;databaseName=master;encrypt=false;trustServerCertificate=true;
23-Mar-2026 00:10:00.125 INFO [pool-1-thread-1] com.lottery.service.DrawService.performDraw Draw completed for round: 1432
23-Mar-2026 00:20:00.005 INFO [pool-1-thread-1] com.lottery.db.DatabaseConfig.getConnection Attempting to connect with URL: jdbc:sqlserver://localhost:1433;databaseName=master;encrypt=false;trustServerCertificate=true;
23-Mar-2026 00:20:00.029 INFO [pool-1-thread-1] com.lottery.db.DatabaseConfig.getConnection Attempting to connect with URL: jdbc:sqlserver://localhost:1433;databaseName=master;encrypt=false;trustServerCertificate=true;
23-Mar-2026 00:20:00.052 INFO [pool-1-thread-1] com.lottery.db.DatabaseConfig.getConnection Attempting to connect with URL: jdbc:sqlserver://localhost:1433;databaseName=master;encrypt=false;trustServerCertificate=true;
23-Mar-2026 00:20:00.078 INFO [pool-1-thread-1] com.lottery.db.LotteryTicketDAO.getPurchasedTickets Retrieved 0 purchased tickets
23-Mar-2026 00:20:00.079 INFO [pool-1-thread-1] com.lottery.db.DatabaseConfig.getConnection Attempting to connect with URL: jdbc:sqlserver://localhost:1433;databaseName=master;encrypt=false;trustServerCertificate=true;
23-Mar-2026 00:20:00.124 INFO [pool-1-thread-1] com.lottery.db.LotteryTicketDAO.resetTicketsForNewRound Reset tickets for new round, rows affected: 1000
23-Mar-2026 00:20:00.125 INFO [pool-1-thread-1] com.lottery.db.DatabaseConfig.getConnection Attempting to connect with URL: jdbc:sqlserver://localhost:1433;databaseName=master;encrypt=false;trustServerCertificate=true;
23-Mar-2026 00:20:00.144 INFO [pool-1-thread-1] com.lottery.service.DrawService.performDraw Draw completed for round: 1433
23-Mar-2026 00:30:00.004 INFO [pool-1-thread-1] com.lottery.db.DatabaseConfig.getConnection Attempting to connect with URL: jdbc:sqlserver://localhost:1433;databaseName=master;encrypt=false;trustServerCertificate=true;
23-Mar-2026 00:30:00.021 INFO [pool-1-thread-1] com.lottery.db.DatabaseConfig.getConnection Attempting to connect with URL: jdbc:sqlserver://localhost:1433;databaseName=master;encrypt=false;trustServerCertificate=true;
23-Mar-2026 00:30:00.052 INFO [pool-1-thread-1] com.lottery.db.DatabaseConfig.getConnection Attempting to connect with URL: jdbc:sqlserver://localhost:1433;databaseName=master;encrypt=false;trustServerCertificate=true;
23-Mar-2026 00:30:00.078 INFO [pool-1-thread-1] com.lottery.db.LotteryTicketDAO.getPurchasedTickets Retrieved 0 purchased tickets
23-Mar-2026 00:30:00.078 INFO [pool-1-thread-1] com.lottery.db.DatabaseConfig.getConnection Attempting to connect with URL: jdbc:sqlserver://localhost:1433;databaseName=master;encrypt=false;trustServerCertificate=true;
23-Mar-2026 00:30:00.093 INFO [pool-1-thread-1] com.lottery.db.LotteryTicketDAO.resetTicketsForNewRound Reset tickets for new round, rows affected: 1000
23-Mar-2026 00:30:00.093 INFO [pool-1-thread-1] com.lottery.db.DatabaseConfig.getConnection Attempting to connect with URL: jdbc:sqlserver://localhost:1433;databaseName=master;encrypt=false;trustServerCertificate=true;
23-Mar-2026 00:30:00.113 INFO [pool-1-thread-1] com.lottery.service.DrawService.performDraw Draw completed for round: 1434
23-Mar-2026 00:40:00.018 INFO [pool-1-thread-1] com.lottery.db.DatabaseConfig.getConnection Attempting to connect with URL: jdbc:sqlserver://localhost:1433;databaseName=master;encrypt=false;trustServerCertificate=true;
23-Mar-2026 00:40:00.062 INFO [pool-1-thread-1] com.lottery.db.DatabaseConfig.getConnection Attempting to connect with URL: jdbc:sqlserver://localhost:1433;databaseName=master;encrypt=false;trustServerCertificate=true;
23-Mar-2026 00:40:00.100 INFO [pool-1-thread-1] com.lottery.db.DatabaseConfig.getConnection Attempting to connect with URL: jdbc:sqlserver://localhost:1433;databaseName=master;encrypt=false;trustServerCertificate=true;
23-Mar-2026 00:40:00.140 INFO [pool-1-thread-1] com.lottery.db.LotteryTicketDAO.getPurchasedTickets Retrieved 0 purchased tickets
23-Mar-2026 00:40:00.142 INFO [pool-1-thread-1] com.lottery.db.DatabaseConfig.getConnection Attempting to connect with URL: jdbc:sqlserver://localhost:1433;databaseName=master;encrypt=false;trustServerCertificate=true;
23-Mar-2026 00:40:00.189 INFO [pool-1-thread-1] com.lottery.db.LotteryTicketDAO.resetTicketsForNewRound Reset tickets for new round, rows affected: 1000
23-Mar-2026 00:40:00.190 INFO [pool-1-thread-1] com.lottery.db.DatabaseConfig.getConnection Attempting to connect with URL: jdbc:sqlserver://localhost:1433;databaseName=master;encrypt=false;trustServerCertificate=true;
23-Mar-2026 00:40:00.220 INFO [pool-1-thread-1] com.lottery.service.DrawService.performDraw Draw completed for round: 1435
23-Mar-2026 00:50:00.016 INFO [pool-1-thread-1] com.lottery.db.DatabaseConfig.getConnection Attempting to connect with URL: jdbc:sqlserver://localhost:1433;databaseName=master;encrypt=false;trustServerCertificate=true;
23-Mar-2026 00:50:00.056 INFO [pool-1-thread-1] com.lottery.db.DatabaseConfig.getConnection Attempting to connect with URL: jdbc:sqlserver://localhost:1433;databaseName=master;encrypt=false;trustServerCertificate=true;
23-Mar-2026 00:50:00.098 INFO [pool-1-thread-1] com.lottery.db.DatabaseConfig.getConnection Attempting to connect with URL: jdbc:sqlserver://localhost:1433;databaseName=master;encrypt=false;trustServerCertificate=true;
23-Mar-2026 00:50:00.127 INFO [pool-1-thread-1] com.lottery.db.LotteryTicketDAO.getPurchasedTickets Retrieved 0 purchased tickets
23-Mar-2026 00:50:00.129 INFO [pool-1-thread-1] com.lottery.db.DatabaseConfig.getConnection Attempting to connect with URL: jdbc:sqlserver://localhost:1433;databaseName=master;encrypt=false;trustServerCertificate=true;
23-Mar-2026 00:50:00.181 INFO [pool-1-thread-1] com.lottery.db.LotteryTicketDAO.resetTicketsForNewRound Reset tickets for new round, rows affected: 1000
23-Mar-2026 00:50:00.182 INFO [pool-1-thread-1] com.lottery.db.DatabaseConfig.getConnection Attempting to connect with URL: jdbc:sqlserver://localhost:1433;databaseName=master;encrypt=false;trustServerCertificate=true;
23-Mar-2026 00:50:00.205 INFO [pool-1-thread-1] com.lottery.service.DrawService.performDraw Draw completed for round: 1436
23-Mar-2026 01:00:00.017 INFO [pool-1-thread-1] com.lottery.db.DatabaseConfig.getConnection Attempting to connect with URL: jdbc:sqlserver://localhost:1433;databaseName=master;encrypt=false;trustServerCertificate=true;
23-Mar-2026 01:00:00.065 INFO [pool-1-thread-1] com.lottery.db.DatabaseConfig.getConnection Attempting to connect with URL: jdbc:sqlserver://localhost:1433;databaseName=master;encrypt=false;trustServerCertificate=true;
23-Mar-2026 01:00:00.099 INFO [pool-1-thread-1] com.lottery.db.DatabaseConfig.getConnection Attempting to connect with URL: jdbc:sqlserver://localhost:1433;databaseName=master;encrypt=false;trustServerCertificate=true;
23-Mar-2026 01:00:00.110 INFO [pool-1-thread-1] com.lottery.db.LotteryTicketDAO.getPurchasedTickets Retrieved 0 purchased tickets
23-Mar-2026 01:00:00.110 INFO [pool-1-thread-1] com.lottery.db.DatabaseConfig.getConnection Attempting to connect with URL: jdbc:sqlserver://localhost:1433;databaseName=master;encrypt=false;trustServerCertificate=true;
23-Mar-2026 01:00:00.147 INFO [pool-1-thread-1] com.lottery.db.LotteryTicketDAO.resetTicketsForNewRound Reset tickets for new round, rows affected: 1000
23-Mar-2026 01:00:00.148 INFO [pool-1-thread-1] com.lottery.db.DatabaseConfig.getConnection Attempting to connect with URL: jdbc:sqlserver://localhost:1433;databaseName=master;encrypt=false;trustServerCertificate=true;
23-Mar-2026 01:00:00.208 INFO [pool-1-thread-1] com.lottery.service.DrawService.performDraw Draw completed for round: 1437
23-Mar-2026 01:10:00.006 INFO [pool-1-thread-1] com.lottery.db.DatabaseConfig.getConnection Attempting to connect with URL: jdbc:sqlserver://localhost:1433;databaseName=master;encrypt=false;trustServerCertificate=true;
23-Mar-2026 01:10:00.052 INFO [pool-1-thread-1] com.lottery.db.DatabaseConfig.getConnection Attempting to connect with URL: jdbc:sqlserver://localhost:1433;databaseName=master;encrypt=false;trustServerCertificate=true;
23-Mar-2026 01:10:00.088 INFO [pool-1-thread-1] com.lottery.db.DatabaseConfig.getConnection Attempting to connect with URL: jdbc:sqlserver://localhost:1433;databaseName=master;encrypt=false;trustServerCertificate=true;
23-Mar-2026 01:10:00.120 INFO [pool-1-thread-1] com.lottery.db.LotteryTicketDAO.getPurchasedTickets Retrieved 0 purchased tickets
23-Mar-2026 01:10:00.120 INFO [pool-1-thread-1] com.lottery.db.DatabaseConfig.getConnection Attempting to connect with URL: jdbc:sqlserver://localhost:1433;databaseName=master;encrypt=false;trustServerCertificate=true;
23-Mar-2026 01:10:00.134 INFO [pool-1-thread-1] com.lottery.db.LotteryTicketDAO.resetTicketsForNewRound Reset tickets for new round, rows affected: 1000
23-Mar-2026 01:10:00.134 INFO [pool-1-thread-1] com.lottery.db.DatabaseConfig.getConnection Attempting to connect with URL: jdbc:sqlserver://localhost:1433;databaseName=master;encrypt=false;trustServerCertificate=true;
23-Mar-2026 01:10:00.153 INFO [pool-1-thread-1] com.lottery.service.DrawService.performDraw Draw completed for round: 1438
23-Mar-2026 01:20:00.016 INFO [pool-1-thread-1] com.lottery.db.DatabaseConfig.getConnection Attempting to connect with URL: jdbc:sqlserver://localhost:1433;databaseName=master;encrypt=false;trustServerCertificate=true;
23-Mar-2026 01:20:00.059 INFO [pool-1-thread-1] com.lottery.db.DatabaseConfig.getConnection Attempting to connect with URL: jdbc:sqlserver://localhost:1433;databaseName=master;encrypt=false;trustServerCertificate=true;
23-Mar-2026 01:20:00.082 INFO [pool-1-thread-1] com.lottery.db.DatabaseConfig.getConnection Attempting to connect with URL: jdbc:sqlserver://localhost:1433;databaseName=master;encrypt=false;trustServerCertificate=true;
23-Mar-2026 01:20:00.122 INFO [pool-1-thread-1] com.lottery.db.LotteryTicketDAO.getPurchasedTickets Retrieved 0 purchased tickets
23-Mar-2026 01:20:00.124 INFO [pool-1-thread-1] com.lottery.db.DatabaseConfig.getConnection Attempting to connect with URL: jdbc:sqlserver://localhost:1433;databaseName=master;encrypt=false;trustServerCertificate=true;
23-Mar-2026 01:20:00.174 INFO [pool-1-thread-1] com.lottery.db.LotteryTicketDAO.resetTicketsForNewRound Reset tickets for new round, rows affected: 1000
23-Mar-2026 01:20:00.176 INFO [pool-1-thread-1] com.lottery.db.DatabaseConfig.getConnection Attempting to connect with URL: jdbc:sqlserver://localhost:1433;databaseName=master;encrypt=false;trustServerCertificate=true;
23-Mar-2026 01:20:00.207 INFO [pool-1-thread-1] com.lottery.service.DrawService.performDraw Draw completed for round: 1439
23-Mar-2026 01:30:00.006 INFO [pool-1-thread-1] com.lottery.db.DatabaseConfig.getConnection Attempting to connect with URL: jdbc:sqlserver://localhost:1433;databaseName=master;encrypt=false;trustServerCertificate=true;
23-Mar-2026 01:30:00.047 INFO [pool-1-thread-1] com.lottery.db.DatabaseConfig.getConnection Attempting to connect with URL: jdbc:sqlserver://localhost:1433;databaseName=master;encrypt=false;trustServerCertificate=true;
23-Mar-2026 01:30:00.090 INFO [pool-1-thread-1] com.lottery.db.DatabaseConfig.getConnection Attempting to connect with URL: jdbc:sqlserver://localhost:1433;databaseName=master;encrypt=false;trustServerCertificate=true;
23-Mar-2026 01:30:00.127 INFO [pool-1-thread-1] com.lottery.db.LotteryTicketDAO.getPurchasedTickets Retrieved 0 purchased tickets
23-Mar-2026 01:30:00.128 INFO [pool-1-thread-1] com.lottery.db.DatabaseConfig.getConnection Attempting to connect with URL: jdbc:sqlserver://localhost:1433;databaseName=master;encrypt=false;trustServerCertificate=true;
23-Mar-2026 01:30:00.186 INFO [pool-1-thread-1] com.lottery.db.LotteryTicketDAO.resetTicketsForNewRound Reset tickets for new round, rows affected: 1000
23-Mar-2026 01:30:00.188 INFO [pool-1-thread-1] com.lottery.db.DatabaseConfig.getConnection Attempting to connect with URL: jdbc:sqlserver://localhost:1433;databaseName=master;encrypt=false;trustServerCertificate=true;
23-Mar-2026 01:30:00.220 INFO [pool-1-thread-1] com.lottery.service.DrawService.performDraw Draw completed for round: 1440
23-Mar-2026 01:40:00.019 INFO [pool-1-thread-1] com.lottery.db.DatabaseConfig.getConnection Attempting to connect with URL: jdbc:sqlserver://localhost:1433;databaseName=master;encrypt=false;trustServerCertificate=true;
23-Mar-2026 01:40:00.058 INFO [pool-1-thread-1] com.lottery.db.DatabaseConfig.getConnection Attempting to connect with URL: jdbc:sqlserver://localhost:1433;databaseName=master;encrypt=false;trustServerCertificate=true;
23-Mar-2026 01:40:00.090 INFO [pool-1-thread-1] com.lottery.db.DatabaseConfig.getConnection Attempting to connect with URL: jdbc:sqlserver://localhost:1433;databaseName=master;encrypt=false;trustServerCertificate=true;
23-Mar-2026 01:40:00.132 INFO [pool-1-thread-1] com.lottery.db.LotteryTicketDAO.getPurchasedTickets Retrieved 0 purchased tickets
23-Mar-2026 01:40:00.135 INFO [pool-1-thread-1] com.lottery.db.DatabaseConfig.getConnection Attempting to connect with URL: jdbc:sqlserver://localhost:1433;databaseName=master;encrypt=false;trustServerCertificate=true;
23-Mar-2026 01:40:00.184 INFO [pool-1-thread-1] com.lottery.db.LotteryTicketDAO.resetTicketsForNewRound Reset tickets for new round, rows affected: 1000
23-Mar-2026 01:40:00.185 INFO [pool-1-thread-1] com.lottery.db.DatabaseConfig.getConnection Attempting to connect with URL: jdbc:sqlserver://localhost:1433;databaseName=master;encrypt=false;trustServerCertificate=true;
23-Mar-2026 01:40:00.218 INFO [pool-1-thread-1] com.lottery.service.DrawService.performDraw Draw completed for round: 1441
23-Mar-2026 01:50:00.014 INFO [pool-1-thread-1] com.lottery.db.DatabaseConfig.getConnection Attempting to connect with URL: jdbc:sqlserver://localhost:1433;databaseName=master;encrypt=false;trustServerCertificate=true;
23-Mar-2026 01:50:00.073 INFO [pool-1-thread-1] com.lottery.db.DatabaseConfig.getConnection Attempting to connect with URL: jdbc:sqlserver://localhost:1433;databaseName=master;encrypt=false;trustServerCertificate=true;
23-Mar-2026 01:50:00.114 INFO [pool-1-thread-1] com.lottery.db.DatabaseConfig.getConnection Attempting to connect with URL: jdbc:sqlserver://localhost:1433;databaseName=master;encrypt=false;trustServerCertificate=true;
23-Mar-2026 01:50:00.149 INFO [pool-1-thread-1] com.lottery.db.LotteryTicketDAO.getPurchasedTickets Retrieved 0 purchased tickets
23-Mar-2026 01:50:00.151 INFO [pool-1-thread-1] com.lottery.db.DatabaseConfig.getConnection Attempting to connect with URL: jdbc:sqlserver://localhost:1433;databaseName=master;encrypt=false;trustServerCertificate=true;
23-Mar-2026 01:50:00.206 INFO [pool-1-thread-1] com.lottery.db.LotteryTicketDAO.resetTicketsForNewRound Reset tickets for new round, rows affected: 1000
23-Mar-2026 01:50:00.206 INFO [pool-1-thread-1] com.lottery.db.DatabaseConfig.getConnection Attempting to connect with URL: jdbc:sqlserver://localhost:1433;databaseName=master;encrypt=false;trustServerCertificate=true;
23-Mar-2026 01:50:00.238 INFO [pool-1-thread-1] com.lottery.service.DrawService.performDraw Draw completed for round: 1442
23-Mar-2026 02:00:00.009 INFO [pool-1-thread-1] com.lottery.db.DatabaseConfig.getConnection Attempting to connect with URL: jdbc:sqlserver://localhost:1433;databaseName=master;encrypt=false;trustServerCertificate=true;
23-Mar-2026 02:00:00.039 INFO [pool-1-thread-1] com.lottery.db.DatabaseConfig.getConnection Attempting to connect with URL: jdbc:sqlserver://localhost:1433;databaseName=master;encrypt=false;trustServerCertificate=true;
23-Mar-2026 02:00:00.066 INFO [pool-1-thread-1] com.lottery.db.DatabaseConfig.getConnection Attempting to connect with URL: jdbc:sqlserver://localhost:1433;databaseName=master;encrypt=false;trustServerCertificate=true;
23-Mar-2026 02:00:00.093 INFO [pool-1-thread-1] com.lottery.db.LotteryTicketDAO.getPurchasedTickets Retrieved 0 purchased tickets
23-Mar-2026 02:00:00.094 INFO [pool-1-thread-1] com.lottery.db.DatabaseConfig.getConnection Attempting to connect with URL: jdbc:sqlserver://localhost:1433;databaseName=master;encrypt=false;trustServerCertificate=true;
23-Mar-2026 02:00:00.131 INFO [pool-1-thread-1] com.lottery.db.LotteryTicketDAO.resetTicketsForNewRound Reset tickets for new round, rows affected: 1000
23-Mar-2026 02:00:00.132 INFO [pool-1-thread-1] com.lottery.db.DatabaseConfig.getConnection Attempting to connect with URL: jdbc:sqlserver://localhost:1433;databaseName=master;encrypt=false;trustServerCertificate=true;
23-Mar-2026 02:00:00.154 INFO [pool-1-thread-1] com.lottery.service.DrawService.performDraw Draw completed for round: 1443
23-Mar-2026 02:10:00.006 INFO [pool-1-thread-1] com.lottery.db.DatabaseConfig.getConnection Attempting to connect with URL: jdbc:sqlserver://localhost:1433;databaseName=master;encrypt=false;trustServerCertificate=true;
23-Mar-2026 02:10:00.034 INFO [pool-1-thread-1] com.lottery.db.DatabaseConfig.getConnection Attempting to connect with URL: jdbc:sqlserver://localhost:1433;databaseName=master;encrypt=false;trustServerCertificate=true;
23-Mar-2026 02:10:00.062 INFO [pool-1-thread-1] com.lottery.db.DatabaseConfig.getConnection Attempting to connect with URL: jdbc:sqlserver://localhost:1433;databaseName=master;encrypt=false;trustServerCertificate=true;
23-Mar-2026 02:10:00.093 INFO [pool-1-thread-1] com.lottery.db.LotteryTicketDAO.getPurchasedTickets Retrieved 0 purchased tickets
23-Mar-2026 02:10:00.094 INFO [pool-1-thread-1] com.lottery.db.DatabaseConfig.getConnection Attempting to connect with URL: jdbc:sqlserver://localhost:1433;databaseName=master;encrypt=false;trustServerCertificate=true;
23-Mar-2026 02:10:00.141 INFO [pool-1-thread-1] com.lottery.db.LotteryTicketDAO.resetTicketsForNewRound Reset tickets for new round, rows affected: 1000
23-Mar-2026 02:10:00.141 INFO [pool-1-thread-1] com.lottery.db.DatabaseConfig.getConnection Attempting to connect with URL: jdbc:sqlserver://localhost:1433;databaseName=master;encrypt=false;trustServerCertificate=true;
23-Mar-2026 02:10:00.163 INFO [pool-1-thread-1] com.lottery.service.DrawService.performDraw Draw completed for round: 1444
23-Mar-2026 02:20:00.005 INFO [pool-1-thread-1] com.lottery.db.DatabaseConfig.getConnection Attempting to connect with URL: jdbc:sqlserver://localhost:1433;databaseName=master;encrypt=false;trustServerCertificate=true;
23-Mar-2026 02:20:00.043 INFO [pool-1-thread-1] com.lottery.db.DatabaseConfig.getConnection Attempting to connect with URL: jdbc:sqlserver://localhost:1433;databaseName=master;encrypt=false;trustServerCertificate=true;
23-Mar-2026 02:20:00.072 INFO [pool-1-thread-1] com.lottery.db.DatabaseConfig.getConnection Attempting to connect with URL: jdbc:sqlserver://localhost:1433;databaseName=master;encrypt=false;trustServerCertificate=true;
23-Mar-2026 02:20:00.102 INFO [pool-1-thread-1] com.lottery.db.LotteryTicketDAO.getPurchasedTickets Retrieved 0 purchased tickets
23-Mar-2026 02:20:00.105 INFO [pool-1-thread-1] com.lottery.db.DatabaseConfig.getConnection Attempting to connect with URL: jdbc:sqlserver://localhost:1433;databaseName=master;encrypt=false;trustServerCertificate=true;
23-Mar-2026 02:20:00.153 INFO [pool-1-thread-1] com.lottery.db.LotteryTicketDAO.resetTicketsForNewRound Reset tickets for new round, rows affected: 1000
23-Mar-2026 02:20:00.154 INFO [pool-1-thread-1] com.lottery.db.DatabaseConfig.getConnection Attempting to connect with URL: jdbc:sqlserver://localhost:1433;databaseName=master;encrypt=false;trustServerCertificate=true;
23-Mar-2026 02:20:00.179 INFO [pool-1-thread-1] com.lottery.service.DrawService.performDraw Draw completed for round: 1445
23-Mar-2026 02:30:00.005 INFO [pool-1-thread-1] com.lottery.db.DatabaseConfig.getConnection Attempting to connect with URL: jdbc:sqlserver://localhost:1433;databaseName=master;encrypt=false;trustServerCertificate=true;
23-Mar-2026 02:30:00.031 INFO [pool-1-thread-1] com.lottery.db.DatabaseConfig.getConnection Attempting to connect with URL: jdbc:sqlserver://localhost:1433;databaseName=master;encrypt=false;trustServerCertificate=true;
23-Mar-2026 02:30:00.059 INFO [pool-1-thread-1] com.lottery.db.DatabaseConfig.getConnection Attempting to connect with URL: jdbc:sqlserver://localhost:1433;databaseName=master;encrypt=false;trustServerCertificate=true;
23-Mar-2026 02:30:00.087 INFO [pool-1-thread-1] com.lottery.db.LotteryTicketDAO.getPurchasedTickets Retrieved 0 purchased tickets
23-Mar-2026 02:30:00.087 INFO [pool-1-thread-1] com.lottery.db.DatabaseConfig.getConnection Attempting to connect with URL: jdbc:sqlserver://localhost:1433;databaseName=master;encrypt=false;trustServerCertificate=true;
23-Mar-2026 02:30:00.120 INFO [pool-1-thread-1] com.lottery.db.LotteryTicketDAO.resetTicketsForNewRound Reset tickets for new round, rows affected: 1000
23-Mar-2026 02:30:00.120 INFO [pool-1-thread-1] com.lottery.db.DatabaseConfig.getConnection Attempting to connect with URL: jdbc:sqlserver://localhost:1433;databaseName=master;encrypt=false;trustServerCertificate=true;
23-Mar-2026 02:30:00.142 INFO [pool-1-thread-1] com.lottery.service.DrawService.performDraw Draw completed for round: 1446
23-Mar-2026 02:40:00.006 INFO [pool-1-thread-1] com.lottery.db.DatabaseConfig.getConnection Attempting to connect with URL: jdbc:sqlserver://localhost:1433;databaseName=master;encrypt=false;trustServerCertificate=true;
23-Mar-2026 02:40:00.039 INFO [pool-1-thread-1] com.lottery.db.DatabaseConfig.getConnection Attempting to connect with URL: jdbc:sqlserver://localhost:1433;databaseName=master;encrypt=false;trustServerCertificate=true;
23-Mar-2026 02:40:00.063 INFO [pool-1-thread-1] com.lottery.db.DatabaseConfig.getConnection Attempting to connect with URL: jdbc:sqlserver://localhost:1433;databaseName=master;encrypt=false;trustServerCertificate=true;
23-Mar-2026 02:40:00.074 INFO [pool-1-thread-1] com.lottery.db.LotteryTicketDAO.getPurchasedTickets Retrieved 0 purchased tickets
23-Mar-2026 02:40:00.075 INFO [pool-1-thread-1] com.lottery.db.DatabaseConfig.getConnection Attempting to connect with URL: jdbc:sqlserver://localhost:1433;databaseName=master;encrypt=false;trustServerCertificate=true;
23-Mar-2026 02:40:00.120 INFO [pool-1-thread-1] com.lottery.db.LotteryTicketDAO.resetTicketsForNewRound Reset tickets for new round, rows affected: 1000
23-Mar-2026 02:40:00.121 INFO [pool-1-thread-1] com.lottery.db.DatabaseConfig.getConnection Attempting to connect with URL: jdbc:sqlserver://localhost:1433;databaseName=master;encrypt=false;trustServerCertificate=true;
23-Mar-2026 02:40:00.131 INFO [pool-1-thread-1] com.lottery.service.DrawService.performDraw Draw completed for round: 1447
23-Mar-2026 02:50:00.004 INFO [pool-1-thread-1] com.lottery.db.DatabaseConfig.getConnection Attempting to connect with URL: jdbc:sqlserver://localhost:1433;databaseName=master;encrypt=false;trustServerCertificate=true;
23-Mar-2026 02:50:00.045 INFO [pool-1-thread-1] com.lottery.db.DatabaseConfig.getConnection Attempting to connect with URL: jdbc:sqlserver://localhost:1433;databaseName=master;encrypt=false;trustServerCertificate=true;
23-Mar-2026 02:50:00.071 INFO [pool-1-thread-1] com.lottery.db.DatabaseConfig.getConnection Attempting to connect with URL: jdbc:sqlserver://localhost:1433;databaseName=master;encrypt=false;trustServerCertificate=true;
23-Mar-2026 02:50:00.096 INFO [pool-1-thread-1] com.lottery.db.LotteryTicketDAO.getPurchasedTickets Retrieved 0 purchased tickets
23-Mar-2026 02:50:00.097 INFO [pool-1-thread-1] com.lottery.db.DatabaseConfig.getConnection Attempting to connect with URL: jdbc:sqlserver://localhost:1433;databaseName=master;encrypt=false;trustServerCertificate=true;
23-Mar-2026 02:50:00.112 INFO [pool-1-thread-1] com.lottery.db.LotteryTicketDAO.resetTicketsForNewRound Reset tickets for new round, rows affected: 1000
23-Mar-2026 02:50:00.115 INFO [pool-1-thread-1] com.lottery.db.DatabaseConfig.getConnection Attempting to connect with URL: jdbc:sqlserver://localhost:1433;databaseName=master;encrypt=false;trustServerCertificate=true;
23-Mar-2026 02:50:00.139 INFO [pool-1-thread-1] com.lottery.service.DrawService.performDraw Draw completed for round: 1448
23-Mar-2026 03:00:00.004 INFO [pool-1-thread-1] com.lottery.db.DatabaseConfig.getConnection Attempting to connect with URL: jdbc:sqlserver://localhost:1433;databaseName=master;encrypt=false;trustServerCertificate=true;
23-Mar-2026 03:00:00.044 INFO [pool-1-thread-1] com.lottery.db.DatabaseConfig.getConnection Attempting to connect with URL: jdbc:sqlserver://localhost:1433;databaseName=master;encrypt=false;trustServerCertificate=true;
23-Mar-2026 03:00:00.079 INFO [pool-1-thread-1] com.lottery.db.DatabaseConfig.getConnection Attempting to connect with URL: jdbc:sqlserver://localhost:1433;databaseName=master;encrypt=false;trustServerCertificate=true;
23-Mar-2026 03:00:00.092 INFO [pool-1-thread-1] com.lottery.db.LotteryTicketDAO.getPurchasedTickets Retrieved 0 purchased tickets
23-Mar-2026 03:00:00.092 INFO [pool-1-thread-1] com.lottery.db.DatabaseConfig.getConnection Attempting to connect with URL: jdbc:sqlserver://localhost:1433;databaseName=master;encrypt=false;trustServerCertificate=true;
23-Mar-2026 03:00:00.138 INFO [pool-1-thread-1] com.lottery.db.LotteryTicketDAO.resetTicketsForNewRound Reset tickets for new round, rows affected: 1000
23-Mar-2026 03:00:00.139 INFO [pool-1-thread-1] com.lottery.db.DatabaseConfig.getConnection Attempting to connect with URL: jdbc:sqlserver://localhost:1433;databaseName=master;encrypt=false;trustServerCertificate=true;
23-Mar-2026 03:00:00.150 INFO [pool-1-thread-1] com.lottery.service.DrawService.performDraw Draw completed for round: 1449
23-Mar-2026 03:10:00.005 INFO [pool-1-thread-1] com.lottery.db.DatabaseConfig.getConnection Attempting to connect with URL: jdbc:sqlserver://localhost:1433;databaseName=master;encrypt=false;trustServerCertificate=true;
23-Mar-2026 03:10:00.023 INFO [pool-1-thread-1] com.lottery.db.DatabaseConfig.getConnection Attempting to connect with URL: jdbc:sqlserver://localhost:1433;databaseName=master;encrypt=false;trustServerCertificate=true;
23-Mar-2026 03:10:00.050 INFO [pool-1-thread-1] com.lottery.db.DatabaseConfig.getConnection Attempting to connect with URL: jdbc:sqlserver://localhost:1433;databaseName=master;encrypt=false;trustServerCertificate=true;
23-Mar-2026 03:10:00.075 INFO [pool-1-thread-1] com.lottery.db.LotteryTicketDAO.getPurchasedTickets Retrieved 0 purchased tickets
23-Mar-2026 03:10:00.075 INFO [pool-1-thread-1] com.lottery.db.DatabaseConfig.getConnection Attempting to connect with URL: jdbc:sqlserver://localhost:1433;databaseName=master;encrypt=false;trustServerCertificate=true;
23-Mar-2026 03:10:00.091 INFO [pool-1-thread-1] com.lottery.db.LotteryTicketDAO.resetTicketsForNewRound Reset tickets for new round, rows affected: 1000
23-Mar-2026 03:10:00.091 INFO [pool-1-thread-1] com.lottery.db.DatabaseConfig.getConnection Attempting to connect with URL: jdbc:sqlserver://localhost:1433;databaseName=master;encrypt=false;trustServerCertificate=true;
23-Mar-2026 03:10:00.105 INFO [pool-1-thread-1] com.lottery.service.DrawService.performDraw Draw completed for round: 1450
23-Mar-2026 03:14:39.440 INFO [Thread-1] org.apache.coyote.AbstractProtocol.pause Pausing ProtocolHandler ["http-nio-8080"]
23-Mar-2026 03:14:39.443 INFO [Thread-1] org.apache.catalina.core.StandardService.stopInternal Stopping service [Catalina]
23-Mar-2026 03:14:39.461 WARNING [Thread-1] org.apache.catalina.loader.WebappClassLoaderBase.clearReferencesJdbc The web application [Lottery] registered the JDBC driver [com.microsoft.sqlserver.jdbc.SQLServerDriver] but failed to unregister it when the web application was stopped. To prevent a memory leak, the JDBC Driver has been forcibly unregistered.
23-Mar-2026 03:14:39.471 INFO [Thread-1] org.apache.coyote.AbstractProtocol.stop Stopping ProtocolHandler ["http-nio-8080"]
23-Mar-2026 03:14:39.478 INFO [Thread-1] org.apache.coyote.AbstractProtocol.destroy Destroying ProtocolHandler ["http-nio-8080"]
