23-Apr-2026 02:05:54.786 INFO [main] org.apache.catalina.core.ApplicationContext.log ContextListener: contextInitialized()
23-Apr-2026 02:05:54.789 INFO [main] org.apache.catalina.core.ApplicationContext.log SessionListener: contextInitialized()
23-Apr-2026 02:05:54.810 INFO [main] org.apache.catalina.core.ApplicationContext.log ContextListener: attributeAdded('StockTicker', 'async.Stockticker@7f3ca64a')
23-Apr-2026 02:11:27.791 INFO [main] org.apache.catalina.core.ApplicationContext.log SessionListener: contextDestroyed()
23-Apr-2026 02:11:27.791 INFO [main] org.apache.catalina.core.ApplicationContext.log ContextListener: contextDestroyed()
23-Apr-2026 02:11:38.039 INFO [main] org.apache.catalina.core.ApplicationContext.log ContextListener: contextInitialized()
23-Apr-2026 02:11:38.040 INFO [main] org.apache.catalina.core.ApplicationContext.log SessionListener: contextInitialized()
23-Apr-2026 02:11:38.041 INFO [main] org.apache.catalina.core.ApplicationContext.log ContextListener: attributeAdded('StockTicker', 'async.Stockticker@55acec99')
23-Apr-2026 02:22:39.699 INFO [main] org.apache.catalina.core.ApplicationContext.log SessionListener: contextDestroyed()
23-Apr-2026 02:22:39.699 INFO [main] org.apache.catalina.core.ApplicationContext.log ContextListener: contextDestroyed()
23-Apr-2026 02:22:50.471 INFO [main] org.apache.catalina.core.ApplicationContext.log ContextListener: contextInitialized()
23-Apr-2026 02:22:50.473 INFO [main] org.apache.catalina.core.ApplicationContext.log SessionListener: contextInitialized()
23-Apr-2026 02:22:50.486 INFO [main] org.apache.catalina.core.ApplicationContext.log ContextListener: attributeAdded('StockTicker', 'async.Stockticker@55acec99')
23-Apr-2026 02:47:57.199 INFO [main] org.apache.catalina.core.ApplicationContext.log SessionListener: contextDestroyed()
23-Apr-2026 02:47:57.199 INFO [main] org.apache.catalina.core.ApplicationContext.log ContextListener: contextDestroyed()
23-Apr-2026 02:48:09.635 INFO [main] org.apache.catalina.core.ApplicationContext.log ContextListener: contextInitialized()
23-Apr-2026 02:48:09.636 INFO [main] org.apache.catalina.core.ApplicationContext.log SessionListener: contextInitialized()
23-Apr-2026 02:48:09.644 INFO [main] org.apache.catalina.core.ApplicationContext.log ContextListener: attributeAdded('StockTicker', 'async.Stockticker@25b38203')
23-Apr-2026 03:57:04.110 INFO [main] org.apache.catalina.core.ApplicationContext.log SessionListener: contextDestroyed()
23-Apr-2026 03:57:04.110 INFO [main] org.apache.catalina.core.ApplicationContext.log ContextListener: contextDestroyed()
23-Apr-2026 03:57:15.815 INFO [main] org.apache.catalina.core.ApplicationContext.log ContextListener: contextInitialized()
23-Apr-2026 03:57:15.817 INFO [main] org.apache.catalina.core.ApplicationContext.log SessionListener: contextInitialized()
23-Apr-2026 03:57:15.832 INFO [main] org.apache.catalina.core.ApplicationContext.log ContextListener: attributeAdded('StockTicker', 'async.Stockticker@7f3ca64a')
