22-Apr-2026 06:48:02.296 INFO [main] org.apache.catalina.core.ApplicationContext.log ContextListener: contextInitialized()
22-Apr-2026 06:48:02.296 INFO [main] org.apache.catalina.core.ApplicationContext.log SessionListener: contextInitialized()
22-Apr-2026 06:48:02.300 INFO [main] org.apache.catalina.core.ApplicationContext.log ContextListener: attributeAdded('StockTicker', 'async.Stockticker@2e1eb85f')
22-Apr-2026 06:57:32.896 INFO [main] org.apache.catalina.core.ApplicationContext.log ContextListener: contextInitialized()
22-Apr-2026 06:57:32.897 INFO [main] org.apache.catalina.core.ApplicationContext.log SessionListener: contextInitialized()
22-Apr-2026 06:57:32.909 INFO [main] org.apache.catalina.core.ApplicationContext.log ContextListener: attributeAdded('StockTicker', 'async.Stockticker@4f93bf0a')
22-Apr-2026 07:07:27.648 INFO [main] org.apache.catalina.core.ApplicationContext.log SessionListener: contextDestroyed()
22-Apr-2026 07:07:27.648 INFO [main] org.apache.catalina.core.ApplicationContext.log ContextListener: contextDestroyed()
22-Apr-2026 07:07:40.754 INFO [main] org.apache.catalina.core.ApplicationContext.log ContextListener: contextInitialized()
22-Apr-2026 07:07:40.755 INFO [main] org.apache.catalina.core.ApplicationContext.log SessionListener: contextInitialized()
22-Apr-2026 07:07:40.764 INFO [main] org.apache.catalina.core.ApplicationContext.log ContextListener: attributeAdded('StockTicker', 'async.Stockticker@40c06358')
22-Apr-2026 07:17:04.304 INFO [main] org.apache.catalina.core.ApplicationContext.log SessionListener: contextDestroyed()
22-Apr-2026 07:17:04.305 INFO [main] org.apache.catalina.core.ApplicationContext.log ContextListener: contextDestroyed()
22-Apr-2026 07:17:16.341 INFO [main] org.apache.catalina.core.ApplicationContext.log ContextListener: contextInitialized()
22-Apr-2026 07:17:16.346 INFO [main] org.apache.catalina.core.ApplicationContext.log SessionListener: contextInitialized()
22-Apr-2026 07:17:16.376 INFO [main] org.apache.catalina.core.ApplicationContext.log ContextListener: attributeAdded('StockTicker', 'async.Stockticker@7da635c0')
22-Apr-2026 07:44:28.139 INFO [main] org.apache.catalina.core.ApplicationContext.log SessionListener: contextDestroyed()
22-Apr-2026 07:44:28.140 INFO [main] org.apache.catalina.core.ApplicationContext.log ContextListener: contextDestroyed()
22-Apr-2026 07:44:39.704 INFO [main] org.apache.catalina.core.ApplicationContext.log ContextListener: contextInitialized()
22-Apr-2026 07:44:39.704 INFO [main] org.apache.catalina.core.ApplicationContext.log SessionListener: contextInitialized()
22-Apr-2026 07:44:39.707 INFO [main] org.apache.catalina.core.ApplicationContext.log ContextListener: attributeAdded('StockTicker', 'async.Stockticker@55acec99')
22-Apr-2026 09:55:19.600 INFO [main] org.apache.catalina.core.ApplicationContext.log ContextListener: contextInitialized()
22-Apr-2026 09:55:19.601 INFO [main] org.apache.catalina.core.ApplicationContext.log SessionListener: contextInitialized()
22-Apr-2026 09:55:19.606 INFO [main] org.apache.catalina.core.ApplicationContext.log ContextListener: attributeAdded('StockTicker', 'async.Stockticker@5efeb117')
