10-Apr-2026 02:07:11.900 INFO [main] org.apache.catalina.core.ApplicationContext.log ContextListener: contextInitialized()
10-Apr-2026 02:07:11.900 INFO [main] org.apache.catalina.core.ApplicationContext.log SessionListener: contextInitialized()
10-Apr-2026 02:07:11.921 INFO [main] org.apache.catalina.core.ApplicationContext.log ContextListener: attributeAdded('StockTicker', 'async.Stockticker@3cc053')
10-Apr-2026 04:58:18.077 INFO [main] org.apache.catalina.core.ApplicationContext.log SessionListener: contextDestroyed()
10-Apr-2026 04:58:18.077 INFO [main] org.apache.catalina.core.ApplicationContext.log ContextListener: contextDestroyed()
10-Apr-2026 04:58:26.653 INFO [main] org.apache.catalina.core.ApplicationContext.log ContextListener: contextInitialized()
10-Apr-2026 04:58:26.653 INFO [main] org.apache.catalina.core.ApplicationContext.log SessionListener: contextInitialized()
10-Apr-2026 04:58:26.655 INFO [main] org.apache.catalina.core.ApplicationContext.log ContextListener: attributeAdded('StockTicker', 'async.Stockticker@7fdd43cd')
10-Apr-2026 05:13:29.717 INFO [main] org.apache.catalina.core.ApplicationContext.log SessionListener: contextDestroyed()
10-Apr-2026 05:13:29.717 INFO [main] org.apache.catalina.core.ApplicationContext.log ContextListener: contextDestroyed()
10-Apr-2026 05:13:35.610 INFO [main] org.apache.catalina.core.ApplicationContext.log ContextListener: contextInitialized()
10-Apr-2026 05:13:35.610 INFO [main] org.apache.catalina.core.ApplicationContext.log SessionListener: contextInitialized()
10-Apr-2026 05:13:35.618 INFO [main] org.apache.catalina.core.ApplicationContext.log ContextListener: attributeAdded('StockTicker', 'async.Stockticker@388c519')
10-Apr-2026 05:16:06.503 INFO [main] org.apache.catalina.core.ApplicationContext.log ContextListener: contextInitialized()
10-Apr-2026 05:16:06.504 INFO [main] org.apache.catalina.core.ApplicationContext.log SessionListener: contextInitialized()
10-Apr-2026 05:16:06.517 INFO [main] org.apache.catalina.core.ApplicationContext.log ContextListener: attributeAdded('StockTicker', 'async.Stockticker@21e45a6f')
10-Apr-2026 05:36:41.531 INFO [main] org.apache.catalina.core.ApplicationContext.log SessionListener: contextDestroyed()
10-Apr-2026 05:36:41.531 INFO [main] org.apache.catalina.core.ApplicationContext.log ContextListener: contextDestroyed()
10-Apr-2026 05:36:46.338 INFO [main] org.apache.catalina.core.ApplicationContext.log ContextListener: contextInitialized()
10-Apr-2026 05:36:46.339 INFO [main] org.apache.catalina.core.ApplicationContext.log SessionListener: contextInitialized()
10-Apr-2026 05:36:46.351 INFO [main] org.apache.catalina.core.ApplicationContext.log ContextListener: attributeAdded('StockTicker', 'async.Stockticker@4f3e9fbb')
10-Apr-2026 05:59:10.106 INFO [main] org.apache.catalina.core.ApplicationContext.log SessionListener: contextDestroyed()
10-Apr-2026 05:59:10.106 INFO [main] org.apache.catalina.core.ApplicationContext.log ContextListener: contextDestroyed()
10-Apr-2026 05:59:15.316 INFO [main] org.apache.catalina.core.ApplicationContext.log ContextListener: contextInitialized()
10-Apr-2026 05:59:15.316 INFO [main] org.apache.catalina.core.ApplicationContext.log SessionListener: contextInitialized()
10-Apr-2026 05:59:15.321 INFO [main] org.apache.catalina.core.ApplicationContext.log ContextListener: attributeAdded('StockTicker', 'async.Stockticker@2e1eb85f')
